# Surface element file written by SPARTA

100 points
50 lines

Points

1                    0                    0
2          0.000300727           0.00956928
3          0.000300727           0.00956928
4           0.00120172            0.0191008
5           0.00120172            0.0191008
6           0.00269942            0.0285569
7           0.00269942            0.0285569
8           0.00478793            0.0379003
9           0.00478793            0.0379003
10           0.00745899            0.0470942
11           0.00745899            0.0470942
12            0.0107021            0.0561022
13            0.0107021            0.0561022
14            0.0145044            0.0648888
15            0.0145044            0.0648888
16            0.0188509            0.0734193
17            0.0188509            0.0734193
18            0.0237244              0.08166
19            0.0237244              0.08166
20            0.0291058            0.0895785
21            0.0291058            0.0895785
22            0.0349738            0.0971434
23            0.0349738            0.0971434
24            0.0413052             0.104325
25            0.0413052             0.104325
26             0.048075             0.111095
27             0.048075             0.111095
28            0.0552566             0.117426
29            0.0552566             0.117426
30            0.0628215             0.123294
31            0.0628215             0.123294
32              0.07074             0.128676
33              0.07074             0.128676
34            0.0789807             0.133549
35            0.0789807             0.133549
36            0.0875112             0.137896
37            0.0875112             0.137896
38            0.0962978             0.141698
39            0.0962978             0.141698
40             0.105306             0.144941
41             0.105306             0.144941
42               0.1145             0.147612
43               0.1145             0.147612
44             0.123843             0.149701
45             0.123843             0.149701
46             0.133299             0.151198
47             0.133299             0.151198
48             0.142831             0.152099
49             0.142831             0.152099
50               0.1524               0.1524
51               0.1524               0.1524
52             0.161969             0.152099
53             0.161969             0.152099
54             0.171501             0.151198
55             0.171501             0.151198
56             0.180957             0.149701
57             0.180957             0.149701
58               0.1903             0.147612
59               0.1903             0.147612
60             0.199494             0.144941
61             0.199494             0.144941
62             0.208502             0.141698
63             0.208502             0.141698
64             0.217289             0.137896
65             0.217289             0.137896
66             0.225819             0.133549
67             0.225819             0.133549
68              0.23406             0.128676
69              0.23406             0.128676
70             0.241978             0.123294
71             0.241978             0.123294
72             0.249543             0.117426
73             0.249543             0.117426
74             0.256725             0.111095
75             0.256725             0.111095
76             0.263495             0.104325
77             0.263495             0.104325
78             0.269826            0.0971434
79             0.269826            0.0971434
80             0.275694            0.0895785
81             0.275694            0.0895785
82             0.281076              0.08166
83             0.281076              0.08166
84             0.285949            0.0734193
85             0.285949            0.0734193
86             0.290296            0.0648888
87             0.290296            0.0648888
88             0.294098            0.0561022
89             0.294098            0.0561022
90             0.297341            0.0470942
91             0.297341            0.0470942
92             0.300012            0.0379003
93             0.300012            0.0379003
94             0.302101            0.0285569
95             0.302101            0.0285569
96             0.303598            0.0191008
97             0.303598            0.0191008
98             0.304499           0.00956928
99             0.304499           0.00956928
100               0.3048                    0

Lines

1 1 1 2
2 1 3 4
3 1 5 6
4 1 7 8
5 1 9 10
6 1 11 12
7 1 13 14
8 1 15 16
9 1 17 18
10 1 19 20
11 1 21 22
12 1 23 24
13 1 25 26
14 1 27 28
15 1 29 30
16 1 31 32
17 1 33 34
18 1 35 36
19 1 37 38
20 1 39 40
21 1 41 42
22 1 43 44
23 1 45 46
24 1 47 48
25 1 49 50
26 1 51 52
27 1 53 54
28 1 55 56
29 1 57 58
30 1 59 60
31 1 61 62
32 1 63 64
33 1 65 66
34 1 67 68
35 1 69 70
36 1 71 72
37 1 73 74
38 1 75 76
39 1 77 78
40 1 79 80
41 1 81 82
42 1 83 84
43 1 85 86
44 1 87 88
45 1 89 90
46 1 91 92
47 1 93 94
48 1 95 96
49 1 97 98
50 1 99 100
