SPARTA (20 Nov 2020)
 Velocity  = 2634.1
 Density  = 4.247e+20
 Temp  = 200
 mean free path  = 0.00278677974193773
 cells per free stream mean free path = 1
 x-min = -0.2
 x-max = 0.65
 y-min = 0
 y-max = 0.4
 x-cells = 305
 y-cells = 143
 Simulation Ratio = 33107417172990.9
 Timestep = 3.52667608911537e-08
Created orthogonal box = (-0.2 0 -0.5) to (0.65 0.4 0.5)
Created 43615 child grid cells
  CPU time = 0.013551 secs
  create/ghost percent = 23.1434 76.8566
Balance grid migrated 214 cells
  CPU time = 0.00943398 secs
  reassign/sort/migrate/ghost percent = 27.5822 2.37307 12.0423 58.0025
Reading surface file ...
  51 points
  50 lines
  0 0.3048 xlo xhi
  0 0.1524 ylo yhi
  0 0 zlo zhi
  0.00957368 min line length
  0 0 0 = number of pushed cells
  219 0 = cells overlapping surfs, overlap cells with unmarked corner pts
  38824 4572 219 = cells outside/inside/overlapping surfs
  219 = surf cells with 1,2,etc splits
  0.3035410632 0.3035410632 = cell-wise and global flow volume
  CPU time = 0.0166352 secs
  read/check/sort/surf2grid/ghost/inout/particle percent = 1.6181 1.47765 3.91985 60.8831 32.1012 16.0678 0.167687
  surf2grid time = 0.010128 secs
  map/comm1/comm2/comm3/comm4/split percent = 42.8508 1.69021 20.6544 4.04896 4.2467 7.05744
Writing surface file ...
  surf elements = 50
  CPU time = 0.000553131 secs
Creating particles ...
Created 3893806 particles
  CPU time = 0.23331 secs
Balance grid migrated 13182 cells
  CPU time = 0.393476 secs
  reassign/sort/migrate/ghost percent = 16.0076 7.05914 75.0048 1.92843
Memory usage per proc in Mbytes:
  particles (ave,min,max) = 107.578 101.25 113.062
  grid      (ave,min,max) = 2.95129 2.95129 2.95129
  surf      (ave,min,max) = 0.00514984 0.00514984 0.00514984
  total     (ave,min,max) = 112.198 106.36 117.5
Step CPU Np Natt Ncoll Nreact Nscoll Ngrid Maxlevel 
       0            0  3893806        0        0        0        0    43615        1 
     500     69.39754  3877989    17523    10609        0      312    43615        1 
    1000    136.78747  3862260     2134     1686        0      337    43615        1 
    1500    216.69705  3847814    27733    15769        0      343    43615        1 
    2000    299.18145  3833190     3708     3006        0      357    43615        1 
    2500    383.05324  3819941    35619    19709        0      361    43615        1 
    3000    459.99674  3807622     5008     4264        0      371    43615        1 
    3500     539.6705  3798141    42783    23484        0      329    43615        1 
    4000     619.6929  3817037     6257     5329        0      346    43615        1 
    4500     707.8054  3871546    50404    27801        0      368    43615        1 
    5000     840.0027  3945378     7545     6448        0      375   146047        2 
    5500    984.36366  4021852    55786    32614        0      415   146047        2 
    6000     1142.153  4096419     4242     3591        0      384   146047        2 
    6500    1309.7777  4176405    61854    36144        0      399   146047        2 
    7000    1492.0711  4252208     4332     3723        0      362   146047        2 
    7500    1682.1607  4271160    65946    38495        0      354   146047        2 
    8000    1874.5235  4258798     4410     3758        0      421   146047        2 
    8500    2092.8165  4262288    68068    39687        0      368   146047        2 
    9000    2307.7445  4278826     4455     3820        0      376   146047        2 
    9500    2524.1966  4303472    70562    41047        0      381   146047        2 
   10000    2749.3429  4331643     4528     3848        0      388   230614        3 
   10500    3041.8943  4361141    70416    42881        0      363   230614        3 
   11000    3361.4136  4390905     2845     2563        0      374   230614        3 
   11500    3676.8145  4421210    72342    43854        0      379   230614        3 
   12000    3840.0463  4452139     2792     2510        0      414   230614        3 
   12500     4006.338  4481907    74204    44871        0      394   230614        3 
   13000    4184.9511  4509820     2697     2427        0      392   230614        3 
   13500    4370.1181  4538513    75482    45536        0      384   230614        3 
   14000    4600.2947  4566158     2647     2393        0      444   230614        3 
   14500    4821.5227  4592876    76832    46568        0      376   230614        3 
   15000     5043.986  4617280     2653     2398        0      386   275125        4 
   15500    5372.4299  4641789    76276    46940        0      384   275125        4 
   16000    5707.3388  4664468     1230     1185        0      383   275125        4 
   16500    5997.4402  4685938    77386    47871        0      399   275125        4 
   17000    6337.9402  4706710     1201     1146        0      379   275125        4 
   17500     6759.045  4725845    78241    48266        0      413   275125        4 
   18000    7049.5683  4743693     1149     1109        0      379   275125        4 
   18500    7341.0353  4761356    78951    48558        0      380   275125        4 
   19000    7631.4868  4778530     1125     1090        0      364   275125        4 
   19500    7916.3847  4795144    80308    49596        0      415   275125        4 
   20000    8210.2286  4810331     1114     1075        0      401   311947        5 
   20500    8530.5475  4824491    79483    49354        0      439   311947        5 
   21000    8849.7338  4837854      222      219        0      429   311947        5 
   21500    9170.9969  4851801    79916    50044        0      381   311947        5 
   22000    9503.3681  4863910      244      241        0      404   311947        5 
   22500    9831.2172  4876551    80594    50330        0      352   311947        5 
   23000    10166.302  4886919      219      215        0      429   311947        5 
   23500    10508.522  4897675    81199    50606        0      408   311947        5 
   24000    10852.536  4908080      223      219        0      410   311947        5 
   24500    11185.046  4917174    81131    50975        0      352   311947        5 
   25000    11534.182  4926318      227      224        0      388   344539        6 
   25500    11875.167  4934385    81503    51245        0      410   344539        6 
   26000    12219.034  4942679       59       59        0      421   344539        6 
   26500    12563.942  4951568    81489    51280        0      414   344539        6 
   27000    12914.347  4958396       83       82        0      380   344539        6 
   27500    13256.482  4966203    81803    51422        0      372   344539        6 
   28000    13588.262  4973416       96       94        0      422   344539        6 
   28500    13897.671  4980060    81853    51029        0      387   344539        6 
   29000     14238.13  4985076       72       72        0      363   344539        6 
   29500     14575.84  4991909    82991    52068        0      390   344539        6 
   30000    14899.896  4997618       75       75        0      389   349351        6 
   30500    15237.625  5003160    82920    52155        0      396   349351        6 
   31000    15573.026  5008213       77       76        0      434   349351        6 
   31500     15901.89  5012533    82712    51986        0      408   349351        6 
   32000    16232.033  5017030       72       72        0      398   349351        6 
   32500    16563.699  5021073    83449    52237        0      415   349351        6 
   33000    16901.388  5025845       78       78        0      396   349351        6 
   33500    17235.158  5029574    83198    52140        0      408   349351        6 
   34000    17567.896  5032681       78       76        0      419   349351        6 
   34500    17899.715  5036190    83409    52553        0      415   349351        6 
   35000    18228.242  5039921       81       81        0      412   351991        6 
   35500    18566.664  5043464    83430    52413        0      399   351991        6 
   36000    18902.687  5046759       84       84        0      380   351991        6 
   36500    19253.726  5050251    83428    52358        0      372   351991        6 
   37000    19604.044  5052745       91       91        0      383   351991        6 
   37500    19956.639  5055792    83777    52603        0      443   351991        6 
   38000    20308.019  5058424       65       65        0      411   351991        6 
   38500    20661.053  5061023    83881    52864        0      411   351991        6 
   39000    21010.786  5063645       85       83        0      390   351991        6 
   39500    21364.186  5065559    83842    52746        0      387   351991        6 
   40000    21715.023  5067435       76       74        0      400   353776        6 
   40500    22057.781  5069632    83933    53074        0      417   353776        6 
   41000     22395.42  5072608       72       72        0      393   353776        6 
   41500    22756.871  5074371    83597    52777        0      396   353776        6 
   42000    23122.952  5076515       83       83        0      399   353776        6 
   42500    23494.647  5078906    84088    53119        0      403   353776        6 
   43000    23861.595  5081072       64       64        0      398   353776        6 
   43500    24232.896  5082217    84262    53038        0      375   353776        6 
   44000    24599.371  5084081       66       66        0      385   353776        6 
   44500    24969.542  5085756    84236    52949        0      428   353776        6 
   45000    25341.382  5087385       72       71        0      390   355138        6 
   45500    25712.556  5088635    84627    53282        0      448   355138        6 
   46000    26085.246  5089431       78       78        0      406   355138        6 
   46500     26458.51  5090716    84419    52979        0      397   355138        6 
   47000    26830.595  5093308       88       88        0      390   355138        6 
   47500    27205.086  5094722    84512    53061        0      412   355138        6 
   48000     27576.68  5096233       69       68        0      390   355138        6 
   48500    27953.598  5097938    84465    53248        0      406   355138        6 
   49000    28324.865  5099026       62       59        0      377   355138        6 
   49500    28694.612  5099845    84495    53259        0      380   355138        6 
   50000    29067.158  5101206       73       73        0      413   355978        6 
   50500    29439.934  5102060    84457    53143        0      444   355978        6 
   51000    29814.446  5103150       71       71        0      417   355978        6 
   51500    30183.558  5104497    84426    53127        0      368   355978        6 
   52000    30542.839  5105554       86       86        0      400   355978        6 
   52500    30888.809  5106281    84783    53486        0      421   355978        6 
   53000    31219.317  5106735       76       76        0      390   355978        6 
   53500    31587.438  5108190    84849    53217        0      453   355978        6 
   54000    31962.279  5109409       72       72        0      396   355978        6 
   54500    32328.519  5109773    84862    53331        0      396   355978        6 
   55000    32664.257  5110764       77       76        0      407   356620        6 
   55500     32998.29  5111874    84504    53200        0      422   356620        6 
   56000    33334.366  5112768       70       70        0      388   356620        6 
   56500    33677.113  5113644    84786    53153        0      432   356620        6 
   57000    34015.235  5114442       76       76        0      412   356620        6 
   57500    34349.966  5114890    84621    53302        0      420   356620        6 
   58000    34680.719  5114482       88       88        0      373   356620        6 
   58500     35014.75  5115924    85247    53691        0      403   356620        6 
   59000    35344.944  5117502       82       82        0      433   356620        6 
   59500    35671.844  5118203    84717    53279        0      392   356620        6 
   60000     36004.36  5117777       97       96        0      409   357157        6 
   60500    36333.475  5118367    85111    53496        0      382   357157        6 
   61000    36666.792  5118252       70       70        0      386   357157        6 
   61500    36998.628  5118304    84977    53697        0      412   357157        6 
   62000    37331.768  5119273       82       82        0      393   357157        6 
   62500     37658.22  5120134    85176    53492        0      393   357157        6 
   63000    37993.386  5120506       54       54        0      410   357157        6 
   63500    38326.671  5121338    84868    53486        0      418   357157        6 
   64000    38664.097  5121161       89       88        0      391   357157        6 
   64500    38997.597  5122055    84549    53068        0      402   357157        6 
   65000    39331.678  5122871       69       66        0      405   357550        6 
   65500    39661.423  5123510    84796    53296        0      372   357550        6 
   66000    39994.926  5122901       78       77        0      402   357550        6 
   66500    40363.807  5123671    85107    53337        0      397   357550        6 
   67000    40753.786  5124067       94       94        0      400   357550        6 
   67500    41128.381  5124878    84959    53599        0      392   357550        6 
   68000    41513.224  5125966       79       79        0      379   357550        6 
   68500    41889.631  5126107    84706    53254        0      384   357550        6 
   69000    42266.828  5125958       63       63        0      394   357550        6 
   69500      42618.4  5126987    84744    53625        0      388   357550        6 
   70000    42960.027  5127049       72       72        0      413   357850        6 
   70500    43291.974  5127963    84712    53304        0      405   357850        6 
   71000    43631.037  5128016       63       62        0      422   357850        6 
   71500    43968.751  5128794    85136    53892        0      423   357850        6 
   72000    44311.448  5128744       78       78        0      413   357850        6 
   72500    44645.599  5128499    85166    53566        0      410   357850        6 
   73000    44984.269  5128616       81       81        0      386   357850        6 
   73500    45313.489  5128908    84747    53354        0      404   357850        6 
   74000     45648.25  5128993       76       75        0      437   357850        6 
   74500    45979.089  5128614    84732    53361        0      402   357850        6 
   75000    46313.457  5129021       66       66        0      381   358126        6 
   75500    46648.471  5129457    85133    53565        0      417   358126        6 
   76000    46984.793  5129431       65       64        0      410   358126        6 
   76500    47316.858  5129456    84609    53244        0      424   358126        6 
   77000    47654.273  5130031       66       64        0      432   358126        6 
   77500    47988.711  5129938    84651    53000        0      382   358126        6 
   78000    48327.041  5130591       81       81        0      422   358126        6 
   78500    48662.447  5130958    84646    53271        0      372   358126        6 
   79000    49001.848  5131744       84       84        0      399   358126        6 
   79500    49339.488  5131838    84960    53341        0      361   358126        6 
   80000    49676.438  5131980       92       91        0      398   358273        6 
   80500    50010.499  5131877    84938    53539        0      399   358273        6 
   81000     50346.98  5133082       95       94        0      374   358273        6 
   81500    50685.956  5132588    84944    53236        0      414   358273        6 
   82000     51029.21  5131998       74       73        0      433   358273        6 
   82500    51365.168  5132036    85020    53400        0      413   358273        6 
   83000     51701.43  5132112       80       80        0      406   358273        6 
   83500    52035.795  5132319    85054    53425        0      380   358273        6 
   84000    52373.058  5132458       83       82        0      424   358273        6 
   84500    52706.143  5133540    84860    53299        0      441   358273        6 
   85000    53045.969  5133724       89       89        0      372   358489        6 
   85500    53372.986  5133226    84880    53334        0      382   358489        6 
   86000    53707.161  5133941       80       79        0      374   358489        6 
   86500    54044.853  5133779    85050    53632        0      404   358489        6 
   87000     54382.61  5133733       84       83        0      424   358489        6 
   87500     54718.38  5133431    84619    53134        0      400   358489        6 
   88000    55053.213  5133800       79       79        0      385   358489        6 
   88500    55382.919  5133921    84876    53328        0      376   358489        6 
   89000    55720.679  5133487       68       67        0      407   358489        6 
   89500    56053.399  5133580    85233    53562        0      411   358489        6 
   90000    56389.142  5133729       88       86        0      416   358666        6 
   90500    56724.524  5133958    84723    52984        0      424   358666        6 
   91000    57065.577  5133256       93       93        0      383   358666        6 
   91500    57406.649  5132398    85048    53492        0      392   358666        6 
   92000    57739.684  5133286       94       94        0      431   358666        6 
   92500    58071.238  5133422    84943    53375        0      406   358666        6 
   93000    58406.823  5133539       86       86        0      398   358666        6 
   93500     58742.92  5133833    84751    53317        0      375   358666        6 
   94000    59080.638  5133962       65       65        0      421   358666        6 
   94500    59417.918  5134512    85538    53942        0      412   358666        6 
   95000    59757.276  5135422       85       85        0      404   358855        6 
   95500    60094.318  5135579    84856    53446        0      401   358855        6 
   96000    60431.439  5136388       84       83        0      399   358855        6 
   96500    60770.679  5136128    85619    53654        0      400   358855        6 
   97000    61112.456  5136073       76       75        0      405   358855        6 
   97500    61450.462  5135442    85271    53618        0      397   358855        6 
   98000    61787.892  5135905       88       87        0      390   358855        6 
   98500    62123.904  5135500    85190    53657        0      407   358855        6 
   99000    62463.198  5135600       72       72        0      447   358855        6 
   99500    62798.502  5135544    84832    53430        0      378   358855        6 
  100000    63140.216  5135179       72       72        0      414   359062        6 
  100500    63476.521  5136164    85712    53962        0      387   359062        6 
  101000    63818.023  5136732       71       70        0      381   359062        6 
  101500    64152.066  5136116    85725    53791        0      422   359062        6 
  102000    64485.478  5135760       98       98        0      399   359062        6 
  102500    64821.214  5136321    85253    53966        0      434   359062        6 
  103000    65157.221  5136928       67       67        0      402   359062        6 
  103500    65486.245  5135828    85172    53609        0      385   359062        6 
  104000    65820.657  5136425       74       74        0      413   359062        6 
  104500    66154.446  5136033    84575    53087        0      428   359062        6 
  105000    66492.888  5136403       81       80        0      420   359251        6 
  105500    66831.543  5135911    85284    53753        0      404   359251        6 
  106000    67170.368  5134876       95       92        0      432   359251        6 
  106500    67506.865  5135726    85006    53299        0      392   359251        6 
  107000    67847.044  5135606       78       78        0      391   359251        6 
  107500    68184.966  5135760    85401    53422        0      411   359251        6 
  108000    68522.899  5134786       91       90        0      401   359251        6 
  108500     68856.35  5134939    84629    53450        0      403   359251        6 
  109000    69193.276  5134955       88       88        0      379   359251        6 
  109500    69533.209  5135141    84754    53479        0      367   359251        6 
  110000    69876.814  5136646       67       66        0      375   359443        6 
  110500    70216.653  5135521    84967    53161        0      411   359443        6 
  111000    70556.126  5135556       90       90        0      403   359443        6 
  111500    70893.731  5135572    84916    53308        0      421   359443        6 
  112000     71228.89  5135936       66       65        0      402   359443        6 
  112500    71570.299  5135241    84581    53131        0      422   359443        6 
  113000    71906.343  5135850       80       78        0      390   359443        6 
  113500    72244.874  5136910    84980    53679        0      371   359443        6 
  114000    72581.468  5137452       82       81        0      372   359443        6 
  114500    72916.468  5136930    85177    53683        0      412   359443        6 
  115000    73258.004  5137463       72       72        0      365   359632        6 
  115500    73595.185  5138404    84907    53424        0      441   359632        6 
  116000    73937.155  5138061       84       84        0      415   359632        6 
  116500    74276.752  5138209    85320    53583        0      402   359632        6 
  117000    74619.326  5139047       71       68        0      377   359632        6 
  117500    74961.988  5138988    84873    53347        0      396   359632        6 
  118000    75303.721  5139714       75       73        0      393   359632        6 
  118500    75644.693  5139334    85112    53795        0      381   359632        6 
  119000    75990.666  5138717       69       69        0      384   359632        6 
  119500    76327.842  5138858    85069    53521        0      383   359632        6 
  120000    76673.719  5139261       82       82        0      404   359773        6 
  120500    77013.672  5139367    84900    53388        0      417   359773        6 
  121000    77353.035  5139218       91       91        0      404   359773        6 
  121500    77696.473  5138389    85118    53581        0      389   359773        6 
  122000    78035.954  5139072      102      101        0      380   359773        6 
  122500    78371.075  5139094    84887    53567        0      393   359773        6 
  123000    78706.831  5138453       74       73        0      408   359773        6 
  123500    79044.219  5138324    85065    53713        0      408   359773        6 
  124000    79383.751  5137581       59       59        0      431   359773        6 
  124500    79718.091  5138120    85288    53781        0      397   359773        6 
  125000    80055.347  5138750       91       91        0      412   359920        6 
  125500     80391.05  5139499    84897    53322        0      427   359920        6 
  126000    80734.532  5139400       64       63        0      382   359920        6 
  126500    81067.292  5139727    84884    53430        0      361   359920        6 
  127000    81408.383  5140086       92       90        0      424   359920        6 
  127500    81746.339  5139206    85348    53575        0      437   359920        6 
  128000    82085.692  5139220       98       96        0      371   359920        6 
  128500    82422.691  5138658    85294    53483        0      434   359920        6 
  129000    82762.884  5138618       82       81        0      409   359920        6 
  129500    83098.499  5138630    85227    53608        0      389   359920        6 
  130000    83439.275  5138503       78       78        0      405   360049        6 
  130500    83776.596  5138377    85011    53552        0      407   360049        6 
  131000    84111.107  5138052       90       90        0      399   360049        6 
  131500     84449.67  5137951    84867    53232        0      396   360049        6 
  132000    84788.224  5138060       81       80        0      361   360049        6 
  132500    85125.435  5137697    84849    53250        0      413   360049        6 
  133000    85463.083  5138206       87       87        0      390   360049        6 
  133500    85794.931  5138490    85089    53567        0      380   360049        6 
  134000    86125.577  5139105       84       83        0      416   360049        6 
  134500    86460.886  5138693    85433    53725        0      398   360049        6 
  135000    86833.502  5138651       77       76        0      404   360175        6 
  135500    87183.695  5138662    84770    53264        0      398   360175        6 
  136000     87536.61  5138416       99       99        0      398   360175        6 
  136500    87884.215  5138655    85184    53613        0      425   360175        6 
  137000    88249.213  5138967       70       69        0      379   360175        6 
  137500    88629.465  5139072    85071    53686        0      384   360175        6 
  138000    89014.278  5139453       75       75        0      399   360175        6 
  138500    89391.357  5139518    84841    53578        0      380   360175        6 
  139000     89779.47  5139227       76       76        0      390   360175        6 
  139500    90162.655  5139093    85028    53690        0      416   360175        6 
  140000    90504.754  5138228       59       58        0      386   360247        6 
  140500    90894.272  5137290    84888    53388        0      392   360247        6 
  141000    91416.326  5136850       95       95        0      415   360247        6 
  141500    92064.038  5137822    84808    53350        0      387   360247        6 
  142000    92678.832  5138473       63       61        0      372   360247        6 
  142500    93266.026  5138365    84613    53187        0      391   360247        6 
  143000    93759.742  5138605       68       68        0      384   360247        6 
  143500    94143.849  5138818    85056    53670        0      381   360247        6 
  144000      94644.3  5139249       70       70        0      400   360247        6 
  144500    95290.664  5138201    85147    53388        0      378   360247        6 
  145000    95920.426  5138425       85       84        0      349   360349        6 
  145500      96562.4  5138107    84607    53062        0      376   360349        6 
  146000    97208.951  5138515       83       83        0      419   360349        6 
  146500    97728.838  5137986    85061    53604        0      411   360349        6 
  147000    98118.902  5138080       84       83        0      380   360349        6 
  147500    98494.679  5138641    84925    53311        0      376   360349        6 
  148000    98900.739  5137687       73       73        0      426   360349        6 
  148500    99288.026  5137232    85002    53575        0      387   360349        6 
  149000    99693.023  5137574      109      106        0      380   360349        6 
  149500    100004.97  5138435    85102    53589        0      409   360349        6 
  150000    100311.05  5138245       85       85        0      413   360412        6 
Loop time of 100311 on 4 procs for 150000 steps with 5138245 particles

MPI task timing breakdown:
Section |  min time  |  avg time  |  max time  |%varavg| %total
---------------------------------------------------------------
Move    | 21203      | 23675      | 26372      |1198.6 | 23.60
Coll    | 16165      | 19090      | 23024      |1811.6 | 19.03
Sort    | 10784      | 11452      | 12430      | 574.1 | 11.42
Comm    | 31.597     | 34.786     | 37.902     |  39.4 |  0.03
Modify  | 38592      | 42330      | 46135      |1402.6 | 42.20
Output  | 1.203      | 5.6853     | 11.58      | 162.3 |  0.01
Other   |            | 3724       |            |       |  3.71

Particle moves    = 749952576538 (750B)
Cells touched     = 823387940678 (823B)
Particle comms    = 154480578 (154M)
Boundary collides = 15700768 (15.7M)
Boundary exits    = 70254710 (70.3M)
SurfColl checks   = 2001020982 (2B)
SurfColl occurs   = 59350250 (59.4M)
Surf reactions    = 0 (0K)
Collide attempts  = 11883305641 (11.9B)
Collide occurs    = 7563352441 (7.56B)
Gas reactions     = 0 (0K)
Particles stuck   = 0
Axisymm bad moves = 0

Particle-moves/CPUsec/proc: 1.86907e+06
Particle-moves/step: 4.99968e+06
Cell-touches/particle/step: 1.09792
Particle comm iterations/step: 1
Particle fraction communicated: 0.000205987
Particle fraction colliding with boundary: 2.09357e-05
Particle fraction exiting boundary: 9.36789e-05
Surface-checks/particle/step: 0.0026682
Surface-collisions/particle/step: 7.91387e-05
Surface-reactions/particle/step: 0
Collision-attempts/particle/step: 0.0158454
Collisions/particle/step: 0.0100851
Gas-reactions/particle/step: 0

Particles: 1.28456e+06 ave 1.41337e+06 max 1.13061e+06 min
Histogram: 1 0 1 0 0 0 0 0 0 2
Cells:     90103 ave 121837 max 39711 min
Histogram: 1 0 0 0 0 1 0 0 0 2
GhostCell: 9077.75 ave 12271 max 3375 min
Histogram: 1 0 0 0 0 1 0 0 0 2
EmptyCell: 0 ave 0 max 0 min
Histogram: 4 0 0 0 0 0 0 0 0 0
Surfs:     50 ave 50 max 50 min
Histogram: 4 0 0 0 0 0 0 0 0 0
GhostSurf: 0 ave 0 max 0 min
Histogram: 4 0 0 0 0 0 0 0 0 0
Writing grid file ...
  grid cells = 360412
  CPU time = 0.098412 secs
Memory usage per proc in Mbytes:
  particles (ave,min,max) = 144.281 124.875 170.438
  grid      (ave,min,max) = 18.1544 10.1388 23.0763
  surf      (ave,min,max) = 0.00514984 0.00514984 0.00514984
  total     (ave,min,max) = 167.3 146.235 199.205
Step CPU Np Natt Ncoll Nreact Nscoll Ngrid Maxlevel 
  150000            0  5138245       85       85        0        0   360412        6 
  150500    205.16882  5138671    85313    53352        0      363   360412        6 
  151000    407.98782  5138749    87759    53199        0      400   360412        6 
  151500    598.64747  5138525    89595    53440        0      414   360412        6 
  152000    780.56035  5138404    90196    53440        0      403   360412        6 
  152500    965.17254  5138039    91059    53652        0      389   360412        6 
  153000    1157.7579  5136708    91982    53730        0      406   360412        6 
  153500    1380.0451  5136865    91870    53051        0      404   360412        6 
  154000    1600.9072  5136980    92204    53273        0      405   360412        6 
  154500    1773.7676  5137695    92807    53278        0      428   360412        6 
  155000    1940.1633  5137615    93036    53311        0      358   360412        6 
  155500    2143.1149  5137475    93405    53735        0      399   360412        6 
  156000      2340.29  5136997    93872    53187        0      398   360412        6 
  156500    2525.6657  5137029    93495    53075        0      350   360412        6 
  157000    2713.7285  5136987    93951    53486        0      408   360412        6 
  157500    2901.1652  5136952    94217    53286        0      373   360412        6 
  158000    3093.7616  5136606    94634    53558        0      427   360412        6 
  158500    3287.2487  5137030    94989    53648        0      412   360412        6 
  159000    3471.7117  5136108    94577    53537        0      397   360412        6 
  159500    3669.1559  5135031    95218    53517        0      398   360412        6 
  160000    3853.2244  5135005    94999    53450        0      413   360412        6 
  160500    4036.8814  5134687    95524    53685        0      364   360412        6 
  161000    4226.8647  5134688    95728    53505        0      430   360412        6 
  161500    4415.8391  5134249    95984    53667        0      417   360412        6 
  162000      4580.29  5134497    95547    53391        0      340   360412        6 
  162500    4745.2533  5134633    95906    53319        0      407   360412        6 
  163000    4932.9143  5134563    96176    53380        0      381   360412        6 
  163500    5135.6662  5134245    95623    53292        0      421   360412        6 
  164000    5326.1373  5133964    96486    53815        0      404   360412        6 
  164500     5522.389  5134568    96314    53662        0      409   360412        6 
  165000    5712.4267  5134995    96531    53474        0      404   360412        6 
  165500    5928.1551  5133841    96204    53196        0      429   360412        6 
  166000    6147.1154  5133038    95963    52954        0      410   360412        6 
  166500    6326.6928  5131984    96106    52896        0      402   360412        6 
  167000      6543.14  5132458    96594    53046        0      405   360412        6 
  167500    6731.2565  5132664    96965    53600        0      407   360412        6 
  168000    6914.9729  5132627    96631    53427        0      384   360412        6 
  168500    7099.2647  5133005    96823    53632        0      378   360412        6 
  169000    7295.0619  5132385    96707    53146        0      379   360412        6 
  169500    7495.1061  5131791    96875    53428        0      419   360412        6 
  170000    7696.8542  5131199    97123    53483        0      424   360412        6 
  170500    7896.2005  5132055    96994    53330        0      387   360412        6 
  171000     8097.488  5131685    97240    53381        0      372   360412        6 
  171500    8270.0137  5131079    97676    53703        0      401   360412        6 
  172000    8461.2306  5131034    97236    53133        0      382   360412        6 
  172500    8652.1029  5131214    97086    53370        0      401   360412        6 
  173000     8850.848  5130174    97608    53700        0      417   360412        6 
  173500    9043.9894  5131011    97180    52971        0      357   360412        6 
  174000    9231.0138  5130905    97043    53120        0      383   360412        6 
  174500    9402.1781  5131299    97555    53331        0      412   360412        6 
  175000    9591.0361  5131818    97518    53333        0      390   360412        6 
  175500    9782.6102  5131838    97527    53324        0      385   360412        6 
  176000     9971.522  5131727    98235    53881        0      377   360412        6 
  176500     10172.94  5131447    98115    53708        0      360   360412        6 
  177000    10358.485  5131721    97969    53184        0      397   360412        6 
  177500    10532.415  5131814    98177    53318        0      389   360412        6 
  178000    10705.843  5131910    98368    53370        0      392   360412        6 
  178500    10874.523  5132261    98074    53140        0      395   360412        6 
  179000    11045.657  5131999    98013    53254        0      402   360412        6 
  179500    11210.636  5132438    97952    53032        0      415   360412        6 
  180000    11386.629  5132658    98283    53487        0      404   360412        6 
  180500    11557.186  5132855    98386    53544        0      415   360412        6 
  181000    11735.057  5133424    98265    53672        0      434   360412        6 
  181500    11918.983  5132865    98283    53229        0      436   360412        6 
  182000     12097.93  5131729    98603    53366        0      408   360412        6 
  182500    12280.248  5131791    98322    53034        0      407   360412        6 
  183000    12457.355  5132255    98230    53231        0      409   360412        6 
  183500    12636.043  5133160    98336    53493        0      403   360412        6 
  184000    12816.841  5133400    99071    53460        0      446   360412        6 
  184500    12993.121  5133670    98613    53257        0      399   360412        6 
  185000    13157.929  5134091    98669    53970        0      400   360412        6 
  185500    13325.712  5133347    98954    53491        0      415   360412        6 
  186000    13491.767  5132810    98462    53315        0      429   360412        6 
  186500    13660.072  5132892    98809    53346        0      355   360412        6 
  187000     13826.29  5132451    98897    53602        0      389   360412        6 
  187500    13995.195  5132565    98651    53462        0      413   360412        6 
  188000    14166.925  5132333    99209    53688        0      393   360412        6 
  188500    14339.515  5132125    99229    53499        0      349   360412        6 
  189000    14518.723  5131812    98359    53087        0      424   360412        6 
  189500    14694.491  5131456    98851    53310        0      406   360412        6 
  190000    14869.677  5131755    99134    53596        0      397   360412        6 
  190500    15056.733  5132525    99084    53491        0      392   360412        6 
  191000    15230.078  5132461    98977    53266        0      406   360412        6 
  191500    15402.376  5132436    99215    53297        0      422   360412        6 
  192000    15574.491  5132336    98875    53103        0      413   360412        6 
  192500    15748.925  5132572    99209    53392        0      392   360412        6 
  193000    15927.584  5133023    99052    53346        0      370   360412        6 
  193500    16098.801  5132881    99134    53607        0      385   360412        6 
  194000    16272.853  5133154    99187    53254        0      408   360412        6 
  194500    16466.764  5132812    99324    53112        0      389   360412        6 
  195000    16673.095  5133905    99582    53675        0      424   360412        6 
  195500    16879.956  5133878    99402    53727        0      408   360412        6 
  196000    17082.651  5133731    99356    53304        0      420   360412        6 
  196500    17293.298  5134600    99388    53343        0      407   360412        6 
  197000    17504.411  5135174    99506    53565        0      419   360412        6 
  197500    17714.351  5134528    99508    53510        0      365   360412        6 
  198000    17923.235  5134308    99589    53484        0      362   360412        6 
  198500    18132.991  5133848    99586    53582        0      353   360412        6 
  199000    18352.953  5134192    99287    53312        0      371   360412        6 
  199500    18591.663  5133967    99955    53663        0      421   360412        6 
  200000    18831.363  5133858    99653    53717        0      390   360412        6 
Loop time of 18831.4 on 4 procs for 50000 steps with 5133858 particles

MPI task timing breakdown:
Section |  min time  |  avg time  |  max time  |%varavg| %total
---------------------------------------------------------------
Move    | 7056.2     | 7533.3     | 8162.4     | 497.2 | 40.00
Coll    | 5763.1     | 6693.1     | 8073.8     |1043.2 | 35.54
Sort    | 3328.5     | 3599.6     | 3941.1     | 385.1 | 19.11
Comm    | 11.121     | 12.147     | 13.073     |  21.1 |  0.06
Modify  | 0.54083    | 4.5134     | 9.3665     | 161.7 |  0.02
Output  | 0.082311   | 1.0396     | 1.8708     |  63.1 |  0.01
Other   |            | 987.6      |            |       |  5.24

Particle moves    = 256709735465 (257B)
Cells touched     = 282719585532 (283B)
Particle comms    = 52442879 (52.4M)
Boundary collides = 5531105 (5.53M)
Boundary exits    = 23838053 (23.8M)
SurfColl checks   = 431260284 (431M)
SurfColl occurs   = 19996463 (20M)
Surf reactions    = 0 (0K)
Collide attempts  = 4836425860 (4.84B)
Collide occurs    = 2669355188 (2.67B)
Gas reactions     = 0 (0K)
Particles stuck   = 0
Axisymm bad moves = 0

Particle-moves/CPUsec/proc: 3.40801e+06
Particle-moves/step: 5.13419e+06
Cell-touches/particle/step: 1.10132
Particle comm iterations/step: 1
Particle fraction communicated: 0.000204289
Particle fraction colliding with boundary: 2.15461e-05
Particle fraction exiting boundary: 9.28599e-05
Surface-checks/particle/step: 0.00167995
Surface-collisions/particle/step: 7.78952e-05
Surface-reactions/particle/step: 0
Collision-attempts/particle/step: 0.0188401
Collisions/particle/step: 0.0103983
Gas-reactions/particle/step: 0

Particles: 1.28346e+06 ave 1.41305e+06 max 1.1299e+06 min
Histogram: 1 0 1 0 0 0 0 0 0 2
Cells:     90103 ave 121837 max 39711 min
Histogram: 1 0 0 0 0 1 0 0 0 2
GhostCell: 9077.75 ave 12271 max 3375 min
Histogram: 1 0 0 0 0 1 0 0 0 2
EmptyCell: 0 ave 0 max 0 min
Histogram: 4 0 0 0 0 0 0 0 0 0
Surfs:     50 ave 50 max 50 min
Histogram: 4 0 0 0 0 0 0 0 0 0
GhostSurf: 0 ave 0 max 0 min
Histogram: 4 0 0 0 0 0 0 0 0 0
Memory usage per proc in Mbytes:
  particles (ave,min,max) = 144.703 124.875 170.438
  grid      (ave,min,max) = 18.1544 10.1388 23.0763
  surf      (ave,min,max) = 0.00514984 0.00514984 0.00514984
  total     (ave,min,max) = 184.221 161.6 220.255
Step CPU Np Natt Ncoll Nreact Nscoll Ngrid Maxlevel 
  200000            0  5133858    99653    53717        0        0   360412        6 
  200500    525.76586  5133515    99615    53421        0      407   360412        6 
  201000    1050.5215  5133341    99716    53348        0      414   360412        6 
  201500    1580.8866  5133089    99945    53414        0      394   360412        6 
  202000    2111.0022  5133340   100041    53684        0      390   360412        6 
  202500    2617.9132  5133634    99694    53619        0      419   360412        6 
  203000    3129.6052  5133930    99807    53579        0      417   360412        6 
  203500    3644.2523  5133769    99898    53608        0      425   360412        6 
  204000    4137.5326  5133845    99819    53424        0      432   360412        6 
  204500    4646.6415  5132924    99632    53281        0      379   360412        6 
  205000    5122.8979  5132831    99576    53357        0      440   360412        6 
  205500    5565.7054  5132514    99634    53199        0      403   360412        6 
  206000    6006.1398  5132297    99685    53421        0      392   360412        6 
  206500    6437.8274  5132143    99916    53397        0      431   360412        6 
  207000    6869.6264  5132748    99539    53175        0      397   360412        6 
  207500    7298.4163  5132762   100093    53495        0      360   360412        6 
  208000    8900.4727  5132395    99787    53670        0      361   360412        6 
  208500    9351.8955  5132146   100191    53607        0      407   360412        6 
  209000    9829.1126  5131630    99961    53468        0      398   360412        6 
  209500    10314.071  5131249   100119    53390        0      376   360412        6 
  210000    10752.735  5131525    99770    52956        0      417   360412        6 
  210500    11177.165  5131973    99608    53195        0      391   360412        6 
  211000    11603.786  5132409    99937    53410        0      355   360412        6 
  211500    12034.253  5132026   100072    53331        0      416   360412        6 
  212000    12463.259  5132119    99925    53142        0      394   360412        6 
  212500    12942.213  5132343   100064    53379        0      365   360412        6 
  213000    13445.063  5132829   100015    53261        0      454   360412        6 
  213500    13929.982  5132501   100140    53545        0      398   360412        6 
  214000    14379.926  5132301   100604    53724        0      384   360412        6 
  214500    14809.173  5132474   100354    53413        0      404   360412        6 
  215000    15239.183  5132293   100345    53448        0      399   360412        6 
  215500    15667.166  5132568   100471    53491        0      385   360412        6 
  216000    16094.961  5132159   100239    53649        0      377   360412        6 
  216500    16525.234  5131849   100253    53592        0      394   360412        6 
  217000    16955.949  5131772   100016    53163        0      419   360412        6 
  217500    17382.879  5132766   100238    53279        0      417   360412        6 
  218000    17809.067  5133021   100175    53196        0      416   360412        6 
  218500    18236.119  5132172   100571    53456        0      387   360412        6 
  219000    18662.035  5131927   100764    53468        0      483   360412        6 
  219500    19086.994  5132352   100424    53528        0      414   360412        6 
  220000    19515.274  5132176   100417    53616        0      412   360412        6 
  220500    19940.913  5132479   100487    53346        0      386   360412        6 
  221000    20366.465  5131588   100069    53089        0      388   360412        6 
  221500    20792.129  5131506   100325    53438        0      404   360412        6 
  222000    21219.901  5131461   100158    53304        0      402   360412        6 
  222500    21648.585  5131077   100102    53304        0      426   360412        6 
  223000    22077.038  5130265   100711    53303        0      425   360412        6 
  223500    22504.827  5130139   100628    53509        0      386   360412        6 
  224000    22932.973  5130054   100620    53392        0      397   360412        6 
  224500    23363.465  5129238   100089    53010        0      377   360412        6 
  225000    23790.947  5129691   100466    53518        0      420   360412        6 
  225500    24219.621  5130325   100811    53096        0      416   360412        6 
  226000    24649.676  5130380   100354    53288        0      383   360412        6 
  226500    25076.671  5131074   100565    53482        0      383   360412        6 
  227000    25505.535  5130903   100534    53282        0      402   360412        6 
  227500    25935.739  5130594   100600    53314        0      415   360412        6 
  228000    26363.935  5129815   100627    53597        0      405   360412        6 
  228500    26792.094  5130272   100617    53308        0      413   360412        6 
  229000    27219.765  5130412   100961    53258        0      376   360412        6 
  229500    27645.231  5131267   100442    53048        0      433   360412        6 
  230000    28075.344  5131903   100500    53355        0      402   360412        6 
  230500    28503.484  5131028   100424    53035        0      384   360412        6 
  231000    28931.133  5131025   100748    53463        0      372   360412        6 
  231500    29361.097  5131511   100870    53433        0      386   360412        6 
  232000    29791.768  5131282   100762    53300        0      424   360412        6 
  232500    30219.179  5131345   100910    53548        0      425   360412        6 
  233000    30649.452  5130987   100918    53482        0      366   360412        6 
  233500    31079.626  5131047   100812    53149        0      393   360412        6 
  234000    31508.438  5131190   100822    53229        0      411   360412        6 
  234500    31938.573  5131218   100454    53337        0      423   360412        6 
  235000    32368.667  5131375   101092    53584        0      371   360412        6 
  235500    32796.477  5131789   100726    53205        0      365   360412        6 
  236000    33223.346  5132081   100695    53144        0      428   360412        6 
  236500     33654.34  5132530   100932    53143        0      417   360412        6 
  237000    34084.128  5132087   100667    53230        0      391   360412        6 
  237500    34514.474  5131464   100939    53557        0      405   360412        6 
  238000    34942.618  5131845   100795    53207        0      388   360412        6 
  238500    35374.095  5131280   100614    53236        0      406   360412        6 
  239000    35801.432  5130433   100629    53047        0      381   360412        6 
  239500    36227.483  5129818   101462    53768        0      395   360412        6 
  240000    36655.437  5129606   100730    53203        0      369   360412        6 
  240500    37082.844  5129477   100599    53243        0      399   360412        6 
  241000    37510.424  5129907   101228    53570        0      434   360412        6 
  241500    37938.795  5130697   100973    53283        0      406   360412        6 
  242000     38366.18  5130130   101168    53302        0      407   360412        6 
  242500     38792.61  5129729   100644    53385        0      394   360412        6 
  243000    39222.706  5130027   101264    53516        0      415   360412        6 
  243500    39653.278  5129845   100998    53496        0      400   360412        6 
  244000     40083.06  5130948   100836    53135        0      371   360412        6 
  244500    40511.654  5130109   100608    53084        0      390   360412        6 
  245000    40943.122  5130187   101041    53299        0      411   360412        6 
  245500    41372.598  5130607   101554    53439        0      391   360412        6 
  246000    41802.048  5131179   101134    53339        0      410   360412        6 
  246500    42231.112  5131020   101429    53533        0      402   360412        6 
  247000    42659.424  5131628   101063    53354        0      384   360412        6 
  247500    43090.851  5131579   100824    53183        0      386   360412        6 
  248000    43520.844  5132282   101347    53459        0      393   360412        6 
  248500    43949.838  5132815   101206    53352        0      393   360412        6 
  249000    44378.741  5132398   101364    53467        0      404   360412        6 
  249500     44806.97  5132583   101420    53562        0      408   360412        6 
  250000    45234.694  5132270   101647    53619        0      411   360412        6 
  250500    45664.371  5132199   101233    53211        0      401   360412        6 
  251000    46093.543  5132840   101278    53299        0      382   360412        6 
  251500    46521.393  5132735   101263    53129        0      394   360412        6 
  252000    46948.553  5133454   101311    53381        0      428   360412        6 
  252500    47377.991  5133776   101200    53156        0      404   360412        6 
  253000    47807.016  5133434   101260    53183        0      362   360412        6 
  253500    48234.585  5133542   101478    53690        0      402   360412        6 
  254000    48662.776  5133024   101413    53508        0      376   360412        6 
  254500    49093.001  5133179   101205    53364        0      409   360412        6 
  255000    49522.386  5132661   101397    53422        0      426   360412        6 
  255500    49953.649  5132337   101720    53587        0      427   360412        6 
  256000      50382.5  5132716   101333    53133        0      386   360412        6 
  256500    50812.709  5131908   101384    53051        0      409   360412        6 
  257000    51241.485  5131682   101275    53264        0      407   360412        6 
  257500    51670.198  5132238   101451    53544        0      358   360412        6 
  258000    52099.659  5132132   101999    53909        0      394   360412        6 
  258500     52528.15  5132035   101311    53408        0      392   360412        6 
  259000    52978.927  5131315   101373    53368        0      404   360412        6 
  259500    53455.823  5132214   101242    53506        0      435   360412        6 
  260000    53910.612  5133073   101311    53338        0      417   360412        6 
  260500    54339.496  5132160   101279    53448        0      411   360412        6 
  261000    54762.843  5132125   101763    53695        0      425   360412        6 
  261500    55187.116  5132069   101662    53510        0      407   360412        6 
  262000     55613.35  5132627   101214    53195        0      387   360412        6 
  262500    56043.154  5132686   102171    53710        0      446   360412        6 
  263000    56473.705  5132157   101904    53259        0      441   360412        6 
  263500    56902.654  5132105   101407    53233        0      356   360412        6 
  264000    57324.593  5131964   101596    53582        0      390   360412        6 
  264500    57753.084  5131619   101456    53307        0      392   360412        6 
  265000    58168.444  5132402   101658    53482        0      416   360412        6 
  265500    58595.112  5131925   102115    53514        0      408   360412        6 
  266000    59022.441  5132295   101645    53580        0      360   360412        6 
  266500    59450.456  5132012   101418    53214        0      379   360412        6 
  267000    59876.759  5132168   101489    53435        0      449   360412        6 
  267500    60303.046  5132172   101513    53288        0      359   360412        6 
  268000    60731.077  5131769   101715    53509        0      398   360412        6 
  268500    61154.859  5132133   102023    53441        0      408   360412        6 
  269000    61576.648  5132945   101694    53529        0      366   360412        6 
  269500    62001.149  5132663   101195    52998        0      422   360412        6 
  270000    62428.396  5132059   101637    53416        0      376   360412        6 
  270500    62854.024  5132429   101742    53507        0      383   360412        6 
  271000    63284.213  5133301   101785    53383        0      355   360412        6 
  271500    63713.251  5133347   101729    53421        0      383   360412        6 
  272000    64144.153  5133347   101700    53171        0      420   360412        6 
  272500    64572.454  5133392   101813    53624        0      411   360412        6 
  273000    65006.138  5132868   101790    53353        0      373   360412        6 
  273500    65438.615  5132678   101472    53072        0      370   360412        6 
  274000    65868.602  5132951   102082    53647        0      357   360412        6 
  274500    66300.709  5133018   101869    53435        0      414   360412        6 
  275000    66733.037  5133754   102045    53621        0      395   360412        6 
  275500    67166.041  5133439   101682    53342        0      394   360412        6 
  276000    67597.361  5133512   102234    53496        0      410   360412        6 
  276500    68027.391  5134464   102003    53252        0      416   360412        6 
  277000    68459.239  5134314   101671    53193        0      448   360412        6 
  277500    68892.061  5134188   102216    53569        0      409   360412        6 
  278000    69323.227  5133952   101862    53382        0      414   360412        6 
  278500    69754.373  5134088   101847    53626        0      367   360412        6 
  279000    70185.528  5133906   101856    53278        0      412   360412        6 
  279500    70616.982  5133185   102116    53389        0      420   360412        6 
  280000    71050.789  5132913   101996    53244        0      401   360412        6 
  280500    71484.272  5131949   102002    53602        0      368   360412        6 
  281000    71917.454  5131749   101588    53388        0      400   360412        6 
  281500    72349.586  5131497   101808    53053        0      396   360412        6 
  282000    72780.886  5131342   102078    53301        0      395   360412        6 
  282500    73211.922  5130754   101939    53526        0      396   360412        6 
  283000    73643.361  5131074   101997    53080        0      406   360412        6 
  283500     74074.01  5129966   101853    53456        0      397   360412        6 
  284000    74505.833  5130618   102112    53363        0      422   360412        6 
  284500    74935.559  5131079   101701    53057        0      398   360412        6 
  285000    75365.647  5131301   101916    53329        0      422   360412        6 
  285500      75792.2  5131048   102145    53378        0      402   360412        6 
  286000    76221.372  5131790   102364    53612        0      375   360412        6 
  286500    76650.932  5132511   102182    53420        0      394   360412        6 
  287000    77078.435  5132231   101723    53283        0      454   360412        6 
  287500    77507.024  5132141   102272    53627        0      339   360412        6 
  288000     77935.17  5132663   101755    53378        0      351   360412        6 
  288500    78362.303  5132329   102427    53631        0      411   360412        6 
  289000     78791.73  5132219   102144    53560        0      394   360412        6 
  289500    79338.106  5132484   102252    53606        0      430   360412        6 
  290000     79837.63  5133120   102236    53593        0      384   360412        6 
  290500    80279.383  5132409   101750    53039        0      431   360412        6 
  291000    89256.623  5131816   101930    52991        0      430   360412        6 
  291500    89709.517  5131947   101620    53092        0      420   360412        6 
  292000    90158.926  5131408   102026    53326        0      387   360412        6 
  292500    94727.982  5132058   102520    53560        0      404   360412        6 
  293000     95242.35  5131942   102036    53176        0      404   360412        6 
  293500    95724.877  5132019   102368    53524        0      382   360412        6 
  294000    96195.863  5132493   102196    53330        0      421   360412        6 
  294500    96622.404  5131668   102292    53673        0      401   360412        6 
  295000    97052.401  5131988   101979    53385        0      385   360412        6 
  295500     97484.64  5131884   102720    53452        0      405   360412        6 
  296000     97917.85  5132079   102550    53618        0      435   360412        6 
  296500    98349.927  5132220   102335    53188        0      401   360412        6 
  297000    98783.949  5132463   102276    53210        0      415   360412        6 
  297500    99259.294  5133087   102132    53260        0      384   360412        6 
  298000    99742.628  5133305   102605    53744        0      416   360412        6 
  298500    100175.38  5132838   102008    52815        0      398   360412        6 
  299000    100601.92  5132697   102416    53372        0      374   360412        6 
  299500    101034.12  5132772   102378    53676        0      400   360412        6 
  300000    101462.72  5133219   102024    53563        0      392   360412        6 

===================================================================================
=   BAD TERMINATION OF ONE OF YOUR APPLICATION PROCESSES
=   PID 30270 RUNNING AT localhost
=   EXIT CODE: 15
=   CLEANING UP REMAINING PROCESSES
=   YOU CAN IGNORE THE BELOW CLEANUP MESSAGES
===================================================================================
YOUR APPLICATION TERMINATED WITH THE EXIT STRING: Terminated: 15 (signal 15)
This typically refers to a problem with your application.
Please see the FAQ page for debugging suggestions
