SPARTA (20 Nov 2020)
 Velocity  = 2634.1
 Density  = 4.247e+20
 Temp  = 200
 mean free path  = 0.00278677974193773
 cells per free stream mean free path = 1
 x-min = -0.2
 x-max = 0.65
 y-min = 0
 y-max = 0.4
 x-cells = 305
 y-cells = 143
 Simulation Ratio = 33107417172990.9
 Timestep = 3.52667608911537e-08
Created orthogonal box = (-0.2 0 -0.5) to (0.65 0.4 0.5)
Created 43615 child grid cells
  CPU time = 0.00978088 secs
  create/ghost percent = 22.85 77.15
Balance grid migrated 214 cells
  CPU time = 0.00882792 secs
  reassign/sort/migrate/ghost percent = 30.7775 2.60621 13.9331 52.6832
Reading surface file ...
  51 points
  50 lines
  0 0.3048 xlo xhi
  0 0.1524 ylo yhi
  0 0 zlo zhi
  0.00957368 min line length
  0 0 0 = number of pushed cells
  219 0 = cells overlapping surfs, overlap cells with unmarked corner pts
  38824 4572 219 = cells outside/inside/overlapping surfs
  219 = surf cells with 1,2,etc splits
  0.3035410632 0.3035410632 = cell-wise and global flow volume
  CPU time = 0.013464 secs
  read/check/sort/surf2grid/ghost/inout/particle percent = 1.1581 4.18083 3.77355 60.2192 30.6683 18.7527 0.260306
  surf2grid time = 0.0081079 secs
  map/comm1/comm2/comm3/comm4/split percent = 41.0592 4.87253 18.1051 3.09642 7.03091 6.73391
Writing surface file ...
  surf elements = 50
  CPU time = 0.000385046 secs
Creating particles ...
Created 3893806 particles
  CPU time = 0.165107 secs
Balance grid migrated 13182 cells
  CPU time = 0.263107 secs
  reassign/sort/migrate/ghost percent = 16.0399 6.34036 75.854 1.76576
Memory usage per proc in Mbytes:
  particles (ave,min,max) = 107.578 101.25 113.062
  grid      (ave,min,max) = 2.95129 2.95129 2.95129
  surf      (ave,min,max) = 0.00514984 0.00514984 0.00514984
  total     (ave,min,max) = 112.198 106.36 117.5
Step CPU Np Natt Ncoll Nreact Nscoll Ngrid Maxlevel 
       0            0  3893806        0        0        0        0    43615        1 
     500    64.321072  3878025    17540    10676        0      340    43615        1 
    1000    133.32948  3862040     2106     1648        0      370    43615        1 
    1500    211.55878  3847628    26176    15135        0      284    43615        1 
    2000    293.64435  3833224     3015     2602        0      268    43615        1 
    2500    378.16341  3819717    32770    18536        0      278    43615        1 
    3000    456.11628  3807443     4029     3527        0      296    43615        1 
    3500    534.67209  3797952    39057    22003        0      295    43615        1 
    4000    614.72422  3816861     5141     4580        0      251    43615        1 
    4500    700.39808  3871447    46371    26225        0      275    43615        1 
    5000    813.32512  3945367     6331     5690        0      258   145984        2 
    5500    946.91775  4021695    51408    30633        0      304   145984        2 
    6000      1107.96  4095724     2602     2354        0      323   145984        2 
    6500    1278.1144  4175049    57804    34493        0      295   145984        2 
    7000    1463.3729  4234360     2722     2462        0      291   145984        2 
    7500    1648.8595  4227667    61169    36108        0      314   145984        2 
    8000    1843.8821  4210472     2826     2568        0      312   145984        2 
    8500     2057.506  4215451    63213    37564        0      281   145984        2 
    9000    2275.7621  4233813     2858     2597        0      305   145984        2 
    9500    2492.3176  4260219    65901    38931        0      295   145984        2 
   10000    2713.7111  4290330     2928     2648        0      301   229126        3 
   10500    2989.4344  4322102    65620    40304        0      314   229126        3 
   11000    3304.2443  4355065     1346     1278        0      295   229126        3 
   11500    3638.6748  4387712    67708    41429        0      288   229126        3 
   12000    3819.2112  4418632     1407     1328        0      318   229126        3 
   12500    3977.4673  4447962    69288    42373        0      315   229126        3 
   13000    4159.6453  4477579     1376     1312        0      288   229126        3 
   13500    4339.7755  4507044    71227    43488        0      313   229126        3 
   14000    4565.9489  4535473     1377     1304        0      311   229126        3 
   14500    4787.1843  4562346    72520    44317        0      287   229126        3 
   15000    5007.6139  4587177     1417     1348        0      319   271108        4 
   15500    5261.1439  4611558    72196    45013        0      328   271108        4 
   16000    5644.2803  4634586      344      341        0      317   271108        4 
   16500    5937.0924  4656099    73238    45607        0      336   271108        4 
   17000    6222.4661  4677054      324      323        0      350   271108        4 
   17500    6662.2006  4696040    74584    46235        0      313   271108        4 
   18000    6972.8766  4714168      264      263        0      311   271108        4 
   18500    7260.1344  4731558    75382    47128        0      296   271108        4 
   19000    7550.2818  4749208      306      305        0      281   271108        4 
   19500    7836.4699  4765353    76301    47373        0      300   271108        4 
   20000    8124.2508  4780307      304      300        0      334   304837        5 
   20500    8437.9719  4795523    76357    47654        0      322   304837        5 
   21000    8751.5633  4808169       13       13        0      294   304837        5 
   21500    9063.4649  4821746    76715    48171        0      326   304837        5 
   22000    9393.6359  4833678       23       23        0      339   304837        5 
   22500     9716.755  4844635    77379    48697        0      289   304837        5 
   23000    10040.565  4856276       22       22        0      307   304837        5 
   23500    10380.083  4867233    77952    49035        0      309   304837        5 
   24000    10718.361  4877685       22       22        0      322   304837        5 
   24500     11046.72  4886099    78170    49109        0      319   304837        5 
   25000    11384.437  4896350       15       15        0      326   328645        6 
   25500     11729.19  4905252    78534    49456        0      346   328645        6 
   26000    12067.442  4913527       12       12        0      320   328645        6 
   26500    12407.328  4921592    78845    49703        0      298   328645        6 
   27000    12748.852  4929250        4        4        0      333   328645        6 
   27500    13091.453  4936430    79650    50459        0      304   328645        6 
   28000    13429.219  4942662        9        9        0      335   328645        6 
   28500    13743.952  4948930    79520    50389        0      321   328645        6 
   29000    14063.342  4955538        8        8        0      317   328645        6 
   29500    14401.147  4961794    80311    50506        0      346   328645        6 
   30000    14726.962  4966798        7        7        0      301   333886        6 
   30500    15055.831  4973273    80212    50676        0      326   333886        6 
   31000    15384.683  4978124        7        7        0      328   333886        6 
   31500    15713.111  4983290    80722    51199        0      337   333886        6 
   32000    16038.266  4987617       16       16        0      300   333886        6 
   32500     16362.92  4991681    80464    50629        0      332   333886        6 
   33000    16696.761  4996121       11       11        0      304   333886        6 
   33500    17024.844  5000175    80615    50898        0      331   333886        6 
   34000    17356.698  5003785        6        6        0      317   333886        6 
   34500    17684.486  5007990    80799    50757        0      327   333886        6 
   35000    18013.581  5012662        7        7        0      333   336991        6 
   35500    18337.623  5015295    80693    50909        0      288   336991        6 
   36000    18670.033  5018186       10       10        0      295   336991        6 
   36500    19005.023  5021925    80673    50819        0      327   336991        6 
   37000    19352.014  5025527       13       13        0      325   336991        6 
   37500     19694.78  5028916    81312    51121        0      358   336991        6 
   38000    20042.663  5031434       16       16        0      328   336991        6 
   38500     20387.61  5033576    81009    50912        0      320   336991        6 
   39000    20734.831  5036037        8        8        0      356   336991        6 
   39500    21079.682  5038576    81735    51689        0      322   336991        6 
   40000    21427.919  5041418        9        9        0      337   339004        6 
   40500    21776.072  5044093    81420    51136        0      332   339004        6 
   41000    22115.433  5047189       12       12        0      343   339004        6 
   41500    22451.296  5048970    81528    51314        0      318   339004        6 
   42000    22811.273  5051375       13       13        0      327   339004        6 
   42500    23173.286  5053022    81874    51458        0      322   339004        6 
   43000    23541.161  5055038       17       17        0      354   339004        6 
   43500    23901.952  5056727    81914    51518        0      329   339004        6 
   44000     24271.63  5058062       18       17        0      286   339004        6 
   44500    24633.327  5060272    81743    51428        0      327   339004        6 
   45000     25001.55  5061606        7        7        0      319   340306        6 
   45500    25366.766  5062759    81937    51534        0      321   340306        6 
   46000    25734.168  5063686       12       12        0      323   340306        6 
   46500    26100.125  5064821    81839    51496        0      301   340306        6 
   47000    26469.616  5066187        4        4        0      342   340306        6 
   47500    26835.081  5067286    81815    51343        0      340   340306        6 
   48000    27206.635  5069024        9        9        0      337   340306        6 
   48500    27572.765  5070523    81906    51663        0      345   340306        6 
   49000    27947.367  5072402       11       11        0      305   340306        6 
   49500    28315.262  5073912    81842    51620        0      306   340306        6 
   50000    28683.245  5074780       11       11        0      318   341245        6 
   50500    29048.023  5076055    82342    51798        0      299   341245        6 
   51000    29417.939  5077206       12       12        0      333   341245        6 
   51500    29787.756  5076700    82055    51754        0      337   341245        6 
   52000    30158.408  5078305        8        8        0      324   341245        6 
   52500    30512.275  5079585    81927    51679        0      371   341245        6 
   53000    30861.766  5081083       10       10        0      278   341245        6 
   53500    31188.925  5081129    82415    51864        0      335   341245        6 
   54000      31548.9  5081590        9        8        0      297   341245        6 
   54500    31919.562  5081866    81925    51616        0      313   341245        6 
   55000    32289.909  5082696       14       14        0      344   341962        6 
   55500    32619.351  5084249    82182    51452        0      324   341962        6 
   56000    32951.437  5085713       11       11        0      292   341962        6 
   56500    33284.819  5086634    82068    51548        0      330   341962        6 
   57000    33626.627  5087191        7        7        0      297   341962        6 
   57500    33959.392  5087564    82241    51888        0      332   341962        6 
   58000    34295.513  5088268       12       12        0      337   341962        6 
   58500    34621.044  5089257    82000    51579        0      325   341962        6 
   59000    34954.648  5090251       11       11        0      329   341962        6 
   59500    35281.776  5090619    82246    51617        0      287   341962        6 
   60000    35609.779  5091647       14       14        0      325   342583        6 
   60500    35937.688  5092607    82269    52097        0      336   342583        6 
   61000    36264.631  5093291       16       16        0      314   342583        6 
   61500    36596.105  5094059    82509    51983        0      321   342583        6 
   62000    36930.726  5095193       10       10        0      341   342583        6 
   62500    37258.406  5095981    82347    51863        0      319   342583        6 
   63000      37585.1  5095765        9        9        0      307   342583        6 
   63500    37915.216  5096486    82358    51752        0      303   342583        6 
   64000    38249.032  5096617        8        8        0      343   342583        6 
   64500    38584.187  5097069    82221    51721        0      354   342583        6 
   65000    38919.142  5097744       11       11        0      307   343030        6 
   65500    39247.785  5098216    82438    51825        0      330   343030        6 
   66000    39576.283  5098841       14       14        0      322   343030        6 
   66500    39905.887  5100148    82260    51848        0      321   343030        6 
   67000     40260.73  5100034       13       13        0      350   343030        6 
   67500    40641.905  5100269    82653    51885        0      303   343030        6 
   68000    41015.975  5099983       10       10        0      339   343030        6 
   68500    41405.119  5100731    82486    51942        0      325   343030        6 
   69000    41777.401  5101102       11       11        0      307   343030        6 
   69500    42150.214  5101426    82452    52162        0      317   343030        6 
   70000    42516.353  5101733        7        7        0      329   343432        6 
   70500    42854.198  5102041    82725    52318        0      336   343432        6 
   71000    43189.176  5102377       13       13        0      313   343432        6 
   71500    43521.797  5102271    82478    52024        0      319   343432        6 
   72000    43860.373  5102734        6        6        0      334   343432        6 
   72500     44199.83  5103426    82832    52281        0      345   343432        6 
   73000    44539.529  5103218        4        4        0      333   343432        6 
   73500    44874.901  5103363    82209    51943        0      375   343432        6 
   74000    45204.347  5103425       14       14        0      321   343432        6 
   74500    45533.881  5103990    82520    52135        0      282   343432        6 
   75000    45867.464  5104329       13       12        0      331   343792        6 
   75500    46198.877  5104217    82403    51737        0      331   343792        6 
   76000    46531.957  5104847       10       10        0      325   343792        6 
   76500    46863.623  5104348    82334    51794        0      329   343792        6 
   77000    47195.639  5104740        8        8        0      328   343792        6 
   77500    47526.404  5105482    82467    52092        0      320   343792        6 
   78000    47860.923  5105918       12       12        0      367   343792        6 
   78500    48194.079  5105897    82520    52100        0      338   343792        6 
   79000    48531.894  5105361        8        8        0      335   343792        6 
   79500    48867.522  5106286    82367    51922        0      331   343792        6 
   80000     49206.32  5106921        9        9        0      335   344134        6 
   80500    49540.642  5106333    82362    51939        0      302   344134        6 
   81000    49873.136  5105776       14       14        0      311   344134        6 
   81500    50206.332  5106480    82370    51845        0      299   344134        6 
   82000    50543.766  5106684        6        6        0      336   344134        6 
   82500    50883.394  5106751    82669    52150        0      352   344134        6 
   83000    51222.043  5106962       11       11        0      312   344134        6 
   83500    51557.304  5108240    82181    51541        0      300   344134        6 
   84000    51893.317  5107921       12       12        0      311   344134        6 
   84500    52227.631  5107601    82460    52040        0      354   344134        6 
   85000     52564.08  5107930       18       18        0      346   344377        6 
   85500    52897.562  5108667    82504    52173        0      320   344377        6 
   86000    53228.883  5108435       13       12        0      332   344377        6 
   86500    53557.674  5108575    82468    52173        0      308   344377        6 
   87000    53892.944  5108108       16       16        0      336   344377        6 
   87500    54230.867  5109175    82282    51805        0      299   344377        6 
   88000    54567.188  5109183       12       12        0      360   344377        6 
   88500     54898.82  5109262    82591    52160        0      317   344377        6 
   89000    55231.203  5110124       14       14        0      321   344377        6 
   89500    55563.379  5109894    82370    51935        0      300   344377        6 
   90000    55898.587  5109929       10       10        0      336   344572        6 
   90500    56229.655  5109359    82604    51886        0      331   344572        6 
   91000    56567.162  5109801       20       20        0      315   344572        6 
   91500    56901.104  5109613    82581    51979        0      351   344572        6 
   92000    57243.576  5109399        8        8        0      318   344572        6 
   92500    57580.496  5109112    82425    51964        0      323   344572        6 
   93000    57908.928  5109515        7        7        0      359   344572        6 
   93500    58243.216  5108834    82203    51672        0      318   344572        6 
   94000    58580.908  5109839       13       13        0      324   344572        6 
   94500    58916.582  5110405    82820    52137        0      333   344572        6 
   95000    59254.531  5110100       10       10        0      328   344878        6 
   95500    59591.594  5109450    82345    51862        0      330   344878        6 
   96000    59928.793  5109667       10       10        0      316   344878        6 
   96500    60264.062  5110633    82690    52290        0      314   344878        6 
   97000    60601.247  5110188       11       11        0      333   344878        6 
   97500    60944.122  5110265    82433    52142        0      319   344878        6 
   98000    61281.331  5111440        9        9        0      354   344878        6 
   98500    61618.658  5111232    82679    52144        0      327   344878        6 
   99000    61955.083  5111101       10       10        0      339   344878        6 
   99500    62290.197  5109974    82592    51987        0      296   344878        6 
  100000    62627.966  5109719       14       14        0      320   345073        6 
  100500     62965.65  5109748    82829    52193        0      333   345073        6 
  101000    63303.804  5110843        7        7        0      337   345073        6 
  101500    63638.746  5111140    82278    51848        0      329   345073        6 
  102000    63978.397  5111980        8        8        0      332   345073        6 
  102500    64310.048  5110943    82625    52265        0      366   345073        6 
  103000    64647.285  5111050        9        9        0      299   345073        6 
  103500    64978.133  5110692    82707    52240        0      341   345073        6 
  104000    65311.936  5111137       13       13        0      329   345073        6 
  104500    65643.714  5111286    82285    51895        0      324   345073        6 
  105000    65976.397  5111781       12       12        0      351   345268        6 
  105500    66310.879  5111308    82450    51847        0      318   345268        6 
  106000    66648.831  5110857        7        7        0      311   345268        6 
  106500    66985.757  5110573    82325    51957        0      277   345268        6 
  107000    67325.063  5111220        7        7        0      369   345268        6 
  107500    67660.912  5111603    82815    52262        0      337   345268        6 
  108000     67997.25  5112001       14       14        0      314   345268        6 
  108500    68333.756  5111065    82282    51970        0      332   345268        6 
  109000    68669.715  5111162        8        8        0      345   345268        6 
  109500     69005.07  5110865    82445    51826        0      353   345268        6 
  110000    69342.162  5110912        9        9        0      349   345364        6 
  110500    69682.855  5111979    82372    51486        0      312   345364        6 
  111000     70022.07  5112360       15       15        0      348   345364        6 
  111500    70361.095  5111972    82544    51835        0      317   345364        6 
  112000    70698.144  5111873        8        8        0      325   345364        6 
  112500     71033.31  5112389    82669    51797        0      314   345364        6 
  113000    71371.032  5113541       15       15        0      351   345364        6 
  113500    71708.037  5113462    82388    52144        0      318   345364        6 
  114000    72041.267  5113671        8        8        0      287   345364        6 
  114500    72381.283  5113716    82427    51812        0      338   345364        6 
  115000    72715.159  5113729       11       11        0      349   345487        6 
  115500    73054.029  5113463    82479    52089        0      314   345487        6 
  116000    73390.949  5113674       11       11        0      333   345487        6 
  116500    73727.958  5113312    82469    51793        0      336   345487        6 
  117000    74066.857  5114468        6        6        0      344   345487        6 
  117500    74412.317  5113946    82673    52138        0      341   345487        6 
  118000    74751.757  5113752       16       16        0      347   345487        6 
  118500    75097.437  5114253    82661    52033        0      338   345487        6 
  119000    75434.083  5113282        7        7        0      303   345487        6 
  119500    75780.186  5113272    82554    51979        0      344   345487        6 
  120000    76122.438  5113853       11       11        0      334   345652        6 
  120500    76464.805  5113360    82788    52217        0      316   345652        6 
  121000    76804.512  5113548        8        8        0      318   345652        6 
  121500    77147.866  5113454    82313    51987        0      333   345652        6 
  122000    77488.228  5113719        8        8        0      326   345652        6 
  122500    77830.047  5113766    82475    51972        0      387   345652        6 
  123000    78168.785  5113536        6        6        0      357   345652        6 
  123500    78504.152  5113809    82361    51860        0      337   345652        6 
  124000    78837.135  5113144        9        9        0      333   345652        6 
  124500    79174.588  5112855    82285    51950        0      286   345652        6 
  125000    79512.452  5112588        8        8        0      311   345748        6 
  125500    79846.235  5113160    82364    51958        0      333   345748        6 
  126000    80179.927  5113217        5        5        0      342   345748        6 
  126500    80517.149  5113562    82290    51742        0      307   345748        6 
  127000      80855.9  5113138        9        9        0      345   345748        6 
  127500    81187.925  5113223    82835    52309        0      331   345748        6 
  128000    81528.759  5112898       10       10        0      304   345748        6 
  128500     81863.83  5113256    82201    51780        0      282   345748        6 
  129000    82201.983  5113057        3        3        0      345   345748        6 
  129500    82539.044  5112855    82621    52070        0      325   345748        6 
  130000    82879.815  5113363        4        4        0      307   345886        6 
  130500    83215.078  5113922    82576    52002        0      330   345886        6 
  131000    83551.916  5112745       12       12        0      335   345886        6 
  131500    83889.819  5112004    82432    51957        0      324   345886        6 
  132000     84222.74  5111922       16       16        0      276   345886        6 
  132500    84559.527  5112370    82547    52020        0      313   345886        6 
  133000    84899.786  5112192       13       13        0      297   345886        6 
  133500    85231.174  5111752    82649    52099        0      341   345886        6 
  134000    85568.295  5111839       14       14        0      321   345886        6 
  134500    85896.019  5112035    82348    52042        0      329   345886        6 
  135000    86228.139  5112360       16       16        0      324   345955        6 
  135500    86563.591  5112956    82742    52132        0      353   345955        6 
  136000    86934.355  5112835        4        4        0      323   345955        6 
  136500     87284.04  5112503    82182    51820        0      319   345955        6 
  137000    87632.513  5112190       10       10        0      315   345955        6 
  137500    87980.343  5112105    82533    51968        0      318   345955        6 
  138000    88349.192  5111860        7        7        0      303   345955        6 
  138500    88731.302  5112263    82667    51902        0      316   345955        6 
  139000    89109.486  5112531        9        9        0      324   345955        6 
  139500    89487.604  5112286    82246    51402        0      335   345955        6 
  140000    89884.842  5112676       15       15        0      344   346063        6 
  140500    90253.646  5112943    82973    52179        0      340   346063        6 
  141000    90598.548  5112752        9        9        0      357   346063        6 
  141500     91035.59  5112670    82541    51929        0      331   346063        6 
  142000    91564.872  5112852       14       14        0      321   346063        6 
  142500     92203.87  5113178    82439    51865        0      325   346063        6 
  143000    92789.292  5113819       13       13        0      317   346063        6 
  143500    93384.559  5114117    82370    51801        0      319   346063        6 
  144000    93840.085  5114069       10       10        0      338   346063        6 
  144500    94221.492  5114250    82755    52383        0      344   346063        6 
  145000    94764.637  5113920       15       15        0      315   346165        6 
  145500    95409.654  5114097    82044    51787        0      308   346165        6 
  146000    96033.339  5114046       11       11        0      305   346165        6 
  146500    96665.307  5113848    82551    51821        0      348   346165        6 
  147000    97295.155  5113749       14       14        0      313   346165        6 
  147500     97792.03  5113556    82840    52195        0      347   346165        6 
  148000    98184.037  5113301       12       12        0      400   346165        6 
  148500    98559.171  5112628    82705    52143        0      315   346165        6 
  149000    98961.786  5111970       10       10        0      294   346165        6 
  149500    99351.622  5111614    82212    51614        0      329   346165        6 
  150000    99752.482  5112076       11       11        0      322   346258        6 
Loop time of 99752.5 on 4 procs for 150000 steps with 5112076 particles

MPI task timing breakdown:
Section |  min time  |  avg time  |  max time  |%varavg| %total
---------------------------------------------------------------
Move    | 20669      | 23956      | 26620      |1374.0 | 24.02
Coll    | 16620      | 19530      | 23928      |1964.3 | 19.58
Sort    | 10412      | 11054      | 11915      | 555.5 | 11.08
Comm    | 31.324     | 34.331     | 37.183     |  37.6 |  0.03
Modify  | 37369      | 41500      | 44403      |1274.9 | 41.60
Output  | 2.6436     | 6.156      | 12.472     | 151.4 |  0.01
Other   |            | 3671       |            |       |  3.68

Particle moves    = 746130320300 (746B)
Cells touched     = 818571646883 (819B)
Particle comms    = 154501993 (155M)
Boundary collides = 15832921 (15.8M)
Boundary exits    = 70280597 (70.3M)
SurfColl checks   = 1604411710 (1.6B)
SurfColl occurs   = 48195945 (48.2M)
Surf reactions    = 0 (0K)
Collide attempts  = 11493354010 (11.5B)
Collide occurs    = 7334235955 (7.33B)
Gas reactions     = 0 (0K)
Particles stuck   = 0
Axisymm bad moves = 0

Particle-moves/CPUsec/proc: 1.86995e+06
Particle-moves/step: 4.9742e+06
Cell-touches/particle/step: 1.09709
Particle comm iterations/step: 1
Particle fraction communicated: 0.000207071
Particle fraction colliding with boundary: 2.122e-05
Particle fraction exiting boundary: 9.41935e-05
Surface-checks/particle/step: 0.00215031
Surface-collisions/particle/step: 6.45945e-05
Surface-reactions/particle/step: 0
Collision-attempts/particle/step: 0.0154039
Collisions/particle/step: 0.0098297
Gas-reactions/particle/step: 0

Particles: 1.27802e+06 ave 1.40525e+06 max 1.12785e+06 min
Histogram: 1 0 1 0 0 0 0 0 0 2
Cells:     86564.5 ave 112878 max 40876 min
Histogram: 1 0 0 0 0 1 0 0 0 2
GhostCell: 8905.75 ave 12529 max 3497 min
Histogram: 1 0 0 0 0 1 0 0 1 1
EmptyCell: 0 ave 0 max 0 min
Histogram: 4 0 0 0 0 0 0 0 0 0
Surfs:     50 ave 50 max 50 min
Histogram: 4 0 0 0 0 0 0 0 0 0
GhostSurf: 0 ave 0 max 0 min
Histogram: 4 0 0 0 0 0 0 0 0 0
Writing grid file ...
  grid cells = 346258
  CPU time = 0.0763812 secs
Memory usage per proc in Mbytes:
  particles (ave,min,max) = 143.438 123.188 167.062
  grid      (ave,min,max) = 17.42 10.1388 22.0763
  surf      (ave,min,max) = 0.00514984 0.00514984 0.00514984
  total     (ave,min,max) = 165.533 143.867 195.219
Step CPU Np Natt Ncoll Nreact Nscoll Ngrid Maxlevel 
  150000            0  5112076       11       11        0        0   346258        6 
  150500    201.79135  5111778    82671    52017        0      321   346258        6 
  151000    394.63839  5112086    84975    51758        0      350   346258        6 
  151500    604.51369  5112331    86589    51962        0      356   346258        6 
  152000    808.34726  5112716    87549    52265        0      328   346258        6 
  152500    1007.9487  5112624    88072    52166        0      309   346258        6 
  153000    1197.1919  5111983    88891    51723        0      332   346258        6 
  153500    1383.5772  5112884    89752    51971        0      333   346258        6 
  154000    1564.8897  5112653    89870    51801        0      311   346258        6 
  154500    1765.9558  5112794    90070    52149        0      337   346258        6 
  155000    1991.3426  5112735    90466    52173        0      346   346258        6 
  155500    2203.3934  5111821    90767    52033        0      321   346258        6 
  156000    2374.0898  5111823    90932    51879        0      345   346258        6 
  156500    2547.3834  5112480    91142    52042        0      341   346258        6 
  157000    2757.6967  5112420    91353    51500        0      332   346258        6 
  157500    2945.0596  5112165    91531    52187        0      312   346258        6 
  158000    3136.9191  5111513    92062    52209        0      321   346258        6 
  158500    3322.8972  5111638    91434    51737        0      323   346258        6 
  159000    3512.8422  5111269    91841    51801        0      321   346258        6 
  159500    3708.0983  5111424    92334    51927        0      313   346258        6 
  160000    3901.5919  5111458    92336    52217        0      315   346258        6 
  160500    4086.0432  5111346    92353    51989        0      313   346258        6 
  161000    4288.0482  5110853    92401    51678        0      330   346258        6 
  161500     4467.846  5110957    92790    52047        0      344   346258        6 
  162000    4653.7674  5110773    92795    51824        0      350   346258        6 
  162500    4846.0041  5110988    92772    51874        0      329   346258        6 
  163000     5030.446  5110606    93046    52119        0      321   346258        6 
  163500    5196.7718  5110091    93326    51945        0      333   346258        6 
  164000    5363.7988  5109139    93414    52022        0      302   346258        6 
  164500    5565.7708  5108771    93077    51527        0      324   346258        6 
  165000    5764.1493  5108551    93344    51939        0      328   346258        6 
  165500     5955.059  5108595    93166    51844        0      330   346258        6 
  166000    6154.5315  5108607    93076    51725        0      334   346258        6 
  166500    6348.1137  5108759    93410    51690        0      306   346258        6 
  167000    6573.1593  5108258    93915    51913        0      340   346258        6 
  167500    6781.7154  5108553    93850    52019        0      335   346258        6 
  168000    6959.8208  5108332    94027    51917        0      322   346258        6 
  168500    7178.4438  5108341    93587    51770        0      330   346258        6 
  169000    7363.9162  5108256    93732    51671        0      342   346258        6 
  169500    7551.7438  5108275    93955    51752        0      343   346258        6 
  170000    7742.0294  5108355    93972    51687        0      328   346258        6 
  170500    7940.3076  5107979    94275    51903        0      290   346258        6 
  171000    8139.7328  5108295    93970    51577        0      346   346258        6 
  171500     8335.206  5108329    94170    51960        0      332   346258        6 
  172000    8544.1398  5107701    94217    51853        0      326   346258        6 
  172500    8734.7586  5107292    94294    51905        0      363   346258        6 
  173000    8918.6571  5106661    94412    51836        0      332   346258        6 
  173500    9109.0444  5107414    94342    51922        0      318   346258        6 
  174000     9306.051  5107491    94831    51738        0      338   346258        6 
  174500    9506.1322  5107099    94474    51952        0      338   346258        6 
  175000    9693.3661  5107306    94365    51818        0      320   346258        6 
  175500    9880.6348  5107636    94553    51964        0      317   346258        6 
  176000    10053.111  5108086    94462    51659        0      337   346258        6 
  176500    10251.554  5108088    95185    52015        0      350   346258        6 
  177000    10442.933  5108014    95020    51755        0      321   346258        6 
  177500     10642.01  5107345    94843    51861        0      324   346258        6 
  178000    10833.544  5107858    95143    52102        0      309   346258        6 
  178500    11015.597  5107542    95042    52154        0      324   346258        6 
  179000    11188.321  5108548    95078    52038        0      335   346258        6 
  179500    11361.142  5108878    95119    51795        0      333   346258        6 
  180000    11535.815  5108565    94894    51811        0      339   346258        6 
  180500    11703.445  5109128    95488    51942        0      349   346258        6 
  181000     11875.26  5108481    95126    51606        0      316   346258        6 
  181500    12049.892  5109674    95547    52239        0      339   346258        6 
  182000     12225.29  5109257    95490    52052        0      334   346258        6 
  182500     12408.69  5108731    95441    52043        0      343   346258        6 
  183000    12587.894  5108494    95353    51876        0      314   346258        6 
  183500      12767.9  5109239    95359    51911        0      339   346258        6 
  184000     12948.68  5109331    95451    52034        0      349   346258        6 
  184500    13130.515  5109607    95415    51952        0      310   346258        6 
  185000    13309.654  5108536    96085    52334        0      312   346258        6 
  185500    13489.789  5108920    96022    52122        0      285   346258        6 
  186000    13659.163  5108776    95567    51849        0      336   346258        6 
  186500    13827.411  5108866    95862    51846        0      335   346258        6 
  187000    13995.261  5109111    95317    51975        0      307   346258        6 
  187500    14165.278  5109647    95698    51814        0      319   346258        6 
  188000    14333.067  5109504    95590    51902        0      344   346258        6 
  188500    14501.109  5109058    96227    52267        0      312   346258        6 
  189000    14673.388  5108486    95468    51901        0      337   346258        6 
  189500     14844.51  5109044    96094    52025        0      312   346258        6 
  190000     15024.75  5109131    95939    51907        0      331   346258        6 
  190500    15201.943  5109032    96068    52114        0      346   346258        6 
  191000    15380.325  5108804    96182    52172        0      341   346258        6 
  191500    15559.164  5109143    95767    51543        0      319   346258        6 
  192000    15742.343  5108892    96099    51954        0      334   346258        6 
  192500    15917.476  5108621    96044    51647        0      325   346258        6 
  193000    16091.655  5109420    96125    52150        0      325   346258        6 
  193500    16270.427  5109501    95978    51716        0      333   346258        6 
  194000    16445.493  5109860    96807    52589        0      308   346258        6 
  194500    16618.754  5110239    95947    51465        0      308   346258        6 
  195000    16792.191  5110098    96567    52310        0      314   346258        6 
  195500    16982.243  5110562    96247    52095        0      360   346258        6 
  196000    17183.632  5110657    96602    51792        0      302   346258        6 
  196500    17391.122  5110491    96813    52384        0      328   346258        6 
  197000    17594.569  5110564    96412    51946        0      308   346258        6 
  197500    17801.839  5111316    96633    52202        0      322   346258        6 
  198000    18014.961  5111223    96258    52103        0      338   346258        6 
  198500    18223.791  5110620    96130    52034        0      319   346258        6 
  199000    18433.753  5110798    96706    52193        0      320   346258        6 
  199500     18642.08  5111636    96695    51870        0      334   346258        6 
  200000    18855.152  5111536    96377    51950        0      352   346258        6 
Loop time of 18855.2 on 4 procs for 50000 steps with 5111536 particles

MPI task timing breakdown:
Section |  min time  |  avg time  |  max time  |%varavg| %total
---------------------------------------------------------------
Move    | 6386.9     | 7387.9     | 7906       | 685.9 | 39.18
Coll    | 5371.4     | 6582.8     | 8558.4     |1472.8 | 34.91
Sort    | 3541.6     | 3766.9     | 4012.2     | 312.6 | 19.98
Comm    | 11.113     | 12.111     | 13.018     |  20.8 |  0.06
Modify  | 0.62744    | 5.0331     | 10.105     | 162.2 |  0.03
Output  | 0.075572   | 1.3954     | 2.4085     |  71.2 |  0.01
Other   |            | 1099       |            |       |  5.83

Particle moves    = 255508270801 (256B)
Cells touched     = 281155281039 (281B)
Particle comms    = 52495066 (52.5M)
Boundary collides = 5577447 (5.58M)
Boundary exits    = 23834923 (23.8M)
SurfColl checks   = 357998264 (358M)
SurfColl occurs   = 16298404 (16.3M)
Surf reactions    = 0 (0K)
Collide attempts  = 4690262168 (4.69B)
Collide occurs    = 2596783743 (2.6B)
Gas reactions     = 0 (0K)
Particles stuck   = 0
Axisymm bad moves = 0

Particle-moves/CPUsec/proc: 3.38778e+06
Particle-moves/step: 5.11017e+06
Cell-touches/particle/step: 1.10038
Particle comm iterations/step: 1
Particle fraction communicated: 0.000205453
Particle fraction colliding with boundary: 2.18288e-05
Particle fraction exiting boundary: 9.32844e-05
Surface-checks/particle/step: 0.00140112
Surface-collisions/particle/step: 6.37882e-05
Surface-reactions/particle/step: 0
Collision-attempts/particle/step: 0.0183566
Collisions/particle/step: 0.0101632
Gas-reactions/particle/step: 0

Particles: 1.27788e+06 ave 1.40579e+06 max 1.12639e+06 min
Histogram: 1 0 1 0 0 0 0 0 0 2
Cells:     86564.5 ave 112878 max 40876 min
Histogram: 1 0 0 0 0 1 0 0 0 2
GhostCell: 8905.75 ave 12529 max 3497 min
Histogram: 1 0 0 0 0 1 0 0 1 1
EmptyCell: 0 ave 0 max 0 min
Histogram: 4 0 0 0 0 0 0 0 0 0
Surfs:     50 ave 50 max 50 min
Histogram: 4 0 0 0 0 0 0 0 0 0
GhostSurf: 0 ave 0 max 0 min
Histogram: 4 0 0 0 0 0 0 0 0 0
Memory usage per proc in Mbytes:
  particles (ave,min,max) = 143.438 123.188 167.062
  grid      (ave,min,max) = 17.42 10.1388 22.0763
  surf      (ave,min,max) = 0.00514984 0.00514984 0.00514984
  total     (ave,min,max) = 181.384 158.612 215.889
Step CPU Np Natt Ncoll Nreact Nscoll Ngrid Maxlevel 
  200000            0  5111536    96377    51950        0        0   346258        6 
  200500    463.13138  5110846    96440    52128        0      301   346258        6 
  201000    971.68783  5110768    96399    52032        0      315   346258        6 
  201500    1485.1119  5110649    96710    52022        0      294   346258        6 
  202000    2005.9009  5110359    96688    52001        0      339   346258        6 
  202500    2527.1644  5110438    96450    51612        0      338   346258        6 
  203000    3025.8886  5110062    96288    51478        0      342   346258        6 
  203500     3528.757  5109403    96687    52001        0      329   346258        6 
  204000    4032.1166  5109682    96934    52006        0      302   346258        6 
  204500    4526.4272  5109465    96459    52159        0      320   346258        6 
  205000    5018.2297  5109767    96625    52088        0      351   346258        6 
  205500    5509.9142  5108335    97128    51926        0      338   346258        6 
  206000    5947.0344  5109033    96939    52292        0      337   346258        6 
  206500    6383.9038  5109170    96680    52090        0      345   346258        6 
  207000    6810.0723  5108783    96580    51751        0      342   346258        6 
  207500    7233.3202  5108846    96800    52145        0      294   346258        6 
  208000    7653.1442  5107982    96572    51632        0      310   346258        6 
  208500    9232.0664  5108471    96886    51936        0      334   346258        6 
  209000    9678.8418  5108676    96905    51843        0      298   346258        6 
  209500    10126.333  5108755    96775    51662        0      327   346258        6 
  210000    10601.454  5108095    96732    51986        0      307   346258        6 
  210500    11062.317  5107840    96848    51760        0      306   346258        6 
  211000    11475.978  5108515    96909    51969        0      331   346258        6 
  211500    11893.862  5108843    97223    52096        0      330   346258        6 
  212000    12314.125  5107826    97134    51975        0      315   346258        6 
  212500    12735.231  5108786    96772    51864        0      308   346258        6 
  213000    13154.462  5108842    97166    51940        0      329   346258        6 
  213500    13649.531  5109873    96985    52001        0      291   346258        6 
  214000    14136.375  5109216    97170    51857        0      302   346258        6 
  214500    14612.457  5109571    97501    52292        0      366   346258        6 
  215000    15039.008  5109445    96774    51689        0      334   346258        6 
  215500     15459.51  5109224    97107    52057        0      385   346258        6 
  216000    15880.846  5109464    97056    51887        0      318   346258        6 
  216500    16299.544  5109670    97321    52180        0      318   346258        6 
  217000    16719.781  5109511    97106    51980        0      318   346258        6 
  217500    17140.991  5108514    97363    52118        0      351   346258        6 
  218000    17562.898  5108785    97221    52195        0      345   346258        6 
  218500     17981.78  5108674    97097    52134        0      337   346258        6 
  219000    18400.914  5108723    97179    51762        0      341   346258        6 
  219500    18819.191  5108441    97304    51943        0      323   346258        6 
  220000    19238.534  5107984    96996    51739        0      318   346258        6 
  220500    19654.896  5108517    97060    51725        0      328   346258        6 
  221000    20073.801  5108833    97163    51626        0      326   346258        6 
  221500    20491.681  5108878    96931    51468        0      341   346258        6 
  222000    20909.736  5108433    97559    52324        0      295   346258        6 
  222500    21327.777  5107486    97117    51833        0      359   346258        6 
  223000    21747.158  5107813    97030    51676        0      360   346258        6 
  223500    22166.925  5107795    97557    51970        0      308   346258        6 
  224000    22587.869  5107943    97697    52125        0      320   346258        6 
  224500    23008.333  5108153    97546    51937        0      322   346258        6 
  225000    23428.724  5107129    97359    52085        0      307   346258        6 
  225500     23849.98  5107658    97742    52347        0      289   346258        6 
  226000    24270.114  5107762    97205    52036        0      311   346258        6 
  226500    24691.584  5107566    97199    51856        0      315   346258        6 
  227000    25113.754  5108239    97571    52014        0      318   346258        6 
  227500    25535.577  5108155    97610    51736        0      338   346258        6 
  228000    25957.604  5108363    97737    51744        0      329   346258        6 
  228500    26380.693  5108489    97553    52166        0      359   346258        6 
  229000     26800.91  5108049    97536    51963        0      288   346258        6 
  229500    27221.701  5107854    97444    52052        0      327   346258        6 
  230000    27645.203  5108924    97070    51644        0      334   346258        6 
  230500    28064.603  5108886    97791    52144        0      298   346258        6 
  231000    28485.194  5108595    97955    51878        0      298   346258        6 
  231500    28905.995  5108706    97565    51791        0      314   346258        6 
  232000    29324.449  5107652    97715    52030        0      320   346258        6 
  232500     29748.09  5108103    97935    52018        0      343   346258        6 
  233000    30169.088  5107704    97727    52154        0      340   346258        6 
  233500    30589.706  5107687    97378    51939        0      342   346258        6 
  234000    31010.239  5108308    97214    51475        0      341   346258        6 
  234500    31433.118  5107404    97381    51895        0      348   346258        6 
  235000    31853.791  5108059    97353    51887        0      301   346258        6 
  235500    32274.756  5107773    97638    51740        0      335   346258        6 
  236000    32695.504  5107797    97795    51692        0      344   346258        6 
  236500    33115.347  5107229    97980    52187        0      321   346258        6 
  237000    33535.342  5107173    97744    52032        0      331   346258        6 
  237500    33956.904  5106978    97935    52135        0      325   346258        6 
  238000    34379.157  5106931    97608    51752        0      345   346258        6 
  238500    34802.069  5107466    97410    51475        0      320   346258        6 
  239000    35223.306  5107530    97950    51940        0      299   346258        6 
  239500    35644.436  5107358    97792    52032        0      318   346258        6 
  240000    36068.187  5107211    97742    51671        0      315   346258        6 
  240500    36487.232  5108260    97695    51963        0      300   346258        6 
  241000    36910.027  5108767    97879    51945        0      345   346258        6 
  241500    37331.516  5108957    97635    51501        0      355   346258        6 
  242000    37750.079  5109050    97469    51620        0      314   346258        6 
  242500    38172.229  5108196    97759    51786        0      313   346258        6 
  243000    38592.328  5107302    97385    51757        0      307   346258        6 
  243500    39013.166  5106881    97724    51889        0      327   346258        6 
  244000    39433.024  5106877    98409    52124        0      332   346258        6 
  244500    39854.837  5107612    97731    51826        0      298   346258        6 
  245000    40276.719  5107746    97893    51741        0      355   346258        6 
  245500    40699.222  5107480    97974    51826        0      345   346258        6 
  246000    41120.662  5107759    98155    51842        0      328   346258        6 
  246500    41543.516  5108231    98141    52073        0      320   346258        6 
  247000    41965.677  5108286    97552    51886        0      323   346258        6 
  247500    42388.252  5107999    98353    52021        0      328   346258        6 
  248000    42810.799  5108559    98186    51956        0      345   346258        6 
  248500    43233.287  5109154    98304    52165        0      320   346258        6 
  249000    43657.987  5109183    98072    51898        0      305   346258        6 
  249500    44081.754  5109337    98195    52065        0      349   346258        6 
  250000     44504.28  5109361    97950    51733        0      307   346258        6 
  250500    44926.234  5109854    97963    51397        0      295   346258        6 
  251000    45346.066  5109743    98220    51958        0      328   346258        6 
  251500    45765.284  5109226    98301    51915        0      315   346258        6 
  252000     46186.81  5109179    97868    51643        0      313   346258        6 
  252500    46608.832  5109203    98468    51896        0      351   346258        6 
  253000    47029.794  5108816    98404    51929        0      335   346258        6 
  253500    47451.416  5109483    98474    52070        0      365   346258        6 
  254000    47872.279  5109441    98469    52141        0      317   346258        6 
  254500     48292.46  5108220    98190    51802        0      335   346258        6 
  255000    48714.602  5109186    98236    51698        0      368   346258        6 
  255500    49134.311  5109336    98023    51731        0      337   346258        6 
  256000    49557.728  5109255    98215    51798        0      326   346258        6 
  256500    49979.052  5108925    98320    51749        0      328   346258        6 
  257000    50401.401  5108640    98299    51956        0      276   346258        6 
  257500     50822.68  5108350    98396    52066        0      333   346258        6 
  258000    51243.708  5107189    98031    51611        0      329   346258        6 
  258500    51662.591  5107039    98133    51840        0      328   346258        6 
  259000    52083.455  5107582    98337    51801        0      345   346258        6 
  259500     52504.73  5107252    98062    51722        0      326   346258        6 
  260000    52925.681  5106912    98125    51913        0      337   346258        6 
  260500    53348.383  5106981    98563    52191        0      315   346258        6 
  261000    53822.665  5107616    98317    51815        0      293   346258        6 
  261500    54284.949  5108032    98183    51794        0      351   346258        6 
  262000    54708.059  5108163    98472    51966        0      308   346258        6 
  262500    55122.811  5108466    98294    51695        0      314   346258        6 
  263000    55538.632  5108342    98509    52122        0      370   346258        6 
  263500    55956.707  5109358    98400    51906        0      283   346258        6 
  264000    56375.404  5108850    98312    51960        0      312   346258        6 
  264500    56797.429  5109396    98702    51799        0      350   346258        6 
  265000    57218.882  5108961    98227    51719        0      308   346258        6 
  265500     57637.05  5109537    98606    51724        0      331   346258        6 
  266000    58050.918  5109284    98293    52073        0      316   346258        6 
  266500     58464.67  5109821    98127    51571        0      306   346258        6 
  267000    58879.954  5110646    98750    51966        0      328   346258        6 
  267500    59298.734  5110376    98767    51800        0      323   346258        6 
  268000    59719.533  5109826    98587    51939        0      343   346258        6 
  268500     60139.67  5110011    98184    51618        0      308   346258        6 
  269000    60558.742  5109716    98900    52273        0      327   346258        6 
  269500    60978.242  5109641    98709    52061        0      323   346258        6 
  270000    61399.318  5109294    98726    52050        0      347   346258        6 
  270500    61817.074  5109712    98761    52098        0      332   346258        6 
  271000    62235.594  5109108    98665    51824        0      315   346258        6 
  271500    62653.758  5109040    98304    51699        0      313   346258        6 
  272000    63072.479  5109425    98257    51731        0      315   346258        6 
  272500    63492.441  5109810    98671    52076        0      328   346258        6 
  273000     63914.71  5110091    98789    52093        0      325   346258        6 
  273500    64337.392  5111221    98983    52136        0      300   346258        6 
  274000     64759.02  5110854    98818    51972        0      302   346258        6 
  274500    65181.371  5110444    98737    51952        0      337   346258        6 
  275000    65606.977  5109944    98900    52009        0      313   346258        6 
  275500    66032.251  5109747    98761    52082        0      326   346258        6 
  276000    66456.095  5109846    99204    51950        0      314   346258        6 
  276500    66881.069  5109769    98461    51857        0      332   346258        6 
  277000    67306.436  5109213    98663    51873        0      306   346258        6 
  277500    67732.736  5109219    98875    51877        0      347   346258        6 
  278000    68155.808  5109413    98765    51948        0      318   346258        6 
  278500    68578.715  5109552    98324    51901        0      345   346258        6 
  279000    69002.734  5109211    98773    52067        0      308   346258        6 
  279500    69426.985  5109802    98691    51935        0      322   346258        6 
  280000    69850.875  5109848    98766    51729        0      349   346258        6 
  280500    70274.164  5108851    98655    51772        0      332   346258        6 
  281000    70697.223  5108718    99050    52215        0      333   346258        6 
  281500    71120.171  5109347    98954    51858        0      347   346258        6 
  282000    71544.574  5108835    98954    51930        0      345   346258        6 
  282500    71969.473  5108274    98764    52065        0      314   346258        6 
  283000    72393.257  5107934    98403    51650        0      308   346258        6 
  283500    72817.482  5108270    98814    51801        0      333   346258        6 
  284000    73241.056  5108501    99189    52437        0      363   346258        6 
  284500    73664.638  5108153    98612    51961        0      311   346258        6 
  285000    74088.698  5107593    98856    52128        0      344   346258        6 
  285500    74509.363  5107555    98665    51862        0      302   346258        6 
  286000    74933.308  5107959    98702    51867        0      341   346258        6 
  286500    75355.178  5107367    98618    51709        0      337   346258        6 
  287000    75775.681  5108245    98729    51967        0      323   346258        6 
  287500    76196.403  5108095    98814    51860        0      316   346258        6 
  288000    76616.843  5108573    99044    52139        0      368   346258        6 
  288500    77037.452  5109246    99011    51685        0      296   346258        6 
  289000    77457.278  5109345    98914    51943        0      336   346258        6 
  289500    77878.998  5108593    98997    51687        0      331   346258        6 
  290000    78300.106  5108357    98725    51990        0      297   346258        6 
  290500    78720.169  5108193    99302    52077        0      331   346258        6 
  291000    79142.065  5108625    98704    51831        0      310   346258        6 
  291500    79606.421  5109227    99197    51860        0      326   346258        6 
  292000    80157.901  5108476    99053    52060        0      322   346258        6 
  292500    80597.529  5108402    98953    52072        0      336   346258        6 
  293000    81030.974  5108903    98835    51989        0      342   346258        6 
  293500    90006.496  5108587    98675    51990        0      339   346258        6 
  294000    90449.797  5108635    98686    51986        0      306   346258        6 
  294500    94953.778  5108633    99040    52137        0      316   346258        6 
  295000    95477.314  5109042    98909    51576        0      353   346258        6 
  295500    95970.409  5110148    98738    51824        0      349   346258        6 
  296000    96444.461  5109249    98755    51714        0      340   346258        6 
  296500    96890.719  5109470    99377    51854        0      352   346258        6 
  297000    97311.089  5108632    98966    52021        0      288   346258        6 
  297500    97734.051  5108924    99028    51909        0      368   346258        6 
  298000    98159.434  5108652    99331    52165        0      342   346258        6 
  298500    98587.882  5109028    99510    51995        0      315   346258        6 
  299000    99012.363  5108581    98704    51929        0      333   346258        6 
  299500    99440.776  5108739    99093    51790        0      333   346258        6 
  300000    99915.479  5108243    99068    51794        0      357   346258        6 
  300500    100380.84  5108134    99184    51921        0      333   346258        6 
  301000    100802.41  5108532    99194    51980        0      314   346258        6 
  301500    101220.79  5108203    99054    51917        0      305   346258        6 
  302000    101643.05  5108283    99100    51828        0      335   346258        6 
  302500    102061.83  5107166    99320    51809        0      340   346258        6 

===================================================================================
=   BAD TERMINATION OF ONE OF YOUR APPLICATION PROCESSES
=   PID 30257 RUNNING AT localhost
=   EXIT CODE: 15
=   CLEANING UP REMAINING PROCESSES
=   YOU CAN IGNORE THE BELOW CLEANUP MESSAGES
===================================================================================
YOUR APPLICATION TERMINATED WITH THE EXIT STRING: Terminated: 15 (signal 15)
This typically refers to a problem with your application.
Please see the FAQ page for debugging suggestions
